<?xml version="1.0" encoding="UTF-8"?>
<!-- Generated by org.testng.reporters.JUnitXMLReporter -->
<testsuite hostname="ME-D-0015" ignored="0" name="Default test" tests="1" failures="1" timestamp="26 Aug 2019 05:09:05 GMT" time="11.076" errors="0">
  <testcase name="clickOnImages" time="0.007" classname="MavenProject.Maven.HomePagetTest">
    <failure type="java.lang.StackOverflowError">
      <![CDATA[java.lang.StackOverflowError
at Pages.HomePage.<init>(HomePage.java:27)
at Pages.HomePage.<init>(HomePage.java:27)
at Pages.HomePage.<init>(HomePage.java:27)
at Pages.HomePage.<init>(HomePage.java:27)
at Pages.HomePage.<init>(HomePage.java:27)
at Pages.HomePage.<init>(HomePage.java:27)
at Pages.HomePage.<init>(HomePage.java:27)
at Pages.HomePage.<init>(HomePage.java:27)
at Pages.HomePage.<init>(HomePage.java:27)
at Pages.HomePage.<init>(HomePage.java:27)
at Pages.HomePage.<init>(HomePage.java:27)
at Pages.HomePage.<init>(HomePage.java:27)
at Pages.HomePage.<init>(HomePage.java:27)
at Pages.HomePage.<init>(HomePage.java:27)
at Pages.HomePage.<init>(HomePage.java:27)
at Pages.HomePage.<init>(HomePage.java:27)
at Pages.HomePage.<init>(HomePage.java:27)
at Pages.HomePage.<init>(HomePage.java:27)
at Pages.HomePage.<init>(HomePage.java:27)
at Pages.HomePage.<init>(HomePage.java:27)
at Pages.HomePage.<init>(HomePage.java:27)
at Pages.HomePage.<init>(HomePage.java:27)
at Pages.HomePage.<init>(HomePage.java:27)
at Pages.HomePage.<init>(HomePage.java:27)
at Pages.HomePage.<init>(HomePage.java:27)
at Pages.HomePage.<init>(HomePage.java:27)
at Pages.HomePage.<init>(HomePage.java:27)
at Pages.HomePage.<init>(HomePage.java:27)
at Pages.HomePage.<init>(HomePage.java:27)
at Pages.HomePage.<init>(HomePage.java:27)
at Pages.HomePage.<init>(HomePage.java:27)
at Pages.HomePage.<init>(HomePage.java:27)
at Pages.HomePage.<init>(HomePage.java:27)
at Pages.HomePage.<init>(HomePage.java:27)
at Pages.HomePage.<init>(HomePage.java:27)
at Pages.HomePage.<init>(HomePage.java:27)
at Pages.HomePage.<init>(HomePage.java:27)
at Pages.HomePage.<init>(HomePage.java:27)
at Pages.HomePage.<init>(HomePage.java:27)
at Pages.HomePage.<init>(HomePage.java:27)
at Pages.HomePage.<init>(HomePage.java:27)
at Pages.HomePage.<init>(HomePage.java:27)
at Pages.HomePage.<init>(HomePage.java:27)
at Pages.HomePage.<init>(HomePage.java:27)
at Pages.HomePage.<init>(HomePage.java:27)
at Pages.HomePage.<init>(HomePage.java:27)
at Pages.HomePage.<init>(HomePage.java:27)
at Pages.HomePage.<init>(HomePage.java:27)
at Pages.HomePage.<init>(HomePage.java:27)
at Pages.HomePage.<init>(HomePage.java:27)
at Pages.HomePage.<init>(HomePage.java:27)
at Pages.HomePage.<init>(HomePage.java:27)
at Pages.HomePage.<init>(HomePage.java:27)
at Pages.HomePage.<init>(HomePage.java:27)
at Pages.HomePage.<init>(HomePage.java:27)
at Pages.HomePage.<init>(HomePage.java:27)
at Pages.HomePage.<init>(HomePage.java:27)
at Pages.HomePage.<init>(HomePage.java:27)
at Pages.HomePage.<init>(HomePage.java:27)
at Pages.HomePage.<init>(HomePage.java:27)
at Pages.HomePage.<init>(HomePage.java:27)
at Pages.HomePage.<init>(HomePage.java:27)
at Pages.HomePage.<init>(HomePage.java:27)
at Pages.HomePage.<init>(HomePage.java:27)
at Pages.HomePage.<init>(HomePage.java:27)
at Pages.HomePage.<init>(HomePage.java:27)
at Pages.HomePage.<init>(HomePage.java:27)
at Pages.HomePage.<init>(HomePage.java:27)
at Pages.HomePage.<init>(HomePage.java:27)
at Pages.HomePage.<init>(HomePage.java:27)
at Pages.HomePage.<init>(HomePage.java:27)
at Pages.HomePage.<init>(HomePage.java:27)
at Pages.HomePage.<init>(HomePage.java:27)
at Pages.HomePage.<init>(HomePage.java:27)
at Pages.HomePage.<init>(HomePage.java:27)
at Pages.HomePage.<init>(HomePage.java:27)
at Pages.HomePage.<init>(HomePage.java:27)
at Pages.HomePage.<init>(HomePage.java:27)
at Pages.HomePage.<init>(HomePage.java:27)
at Pages.HomePage.<init>(HomePage.java:27)
at Pages.HomePage.<init>(HomePage.java:27)
at Pages.HomePage.<init>(HomePage.java:27)
at Pages.HomePage.<init>(HomePage.java:27)
at Pages.HomePage.<init>(HomePage.java:27)
at Pages.HomePage.<init>(HomePage.java:27)
at Pages.HomePage.<init>(HomePage.java:27)
at Pages.HomePage.<init>(HomePage.java:27)
at Pages.HomePage.<init>(HomePage.java:27)
at Pages.HomePage.<init>(HomePage.java:27)
at Pages.HomePage.<init>(HomePage.java:27)
at Pages.HomePage.<init>(HomePage.java:27)
at Pages.HomePage.<init>(HomePage.java:27)
at Pages.HomePage.<init>(HomePage.java:27)
at Pages.HomePage.<init>(HomePage.java:27)
at Pages.HomePage.<init>(HomePage.java:27)
at Pages.HomePage.<init>(HomePage.java:27)
at Pages.HomePage.<init>(HomePage.java:27)
at Pages.HomePage.<init>(HomePage.java:27)
at Pages.HomePage.<init>(HomePage.java:27)
at Pages.HomePage.<init>(HomePage.java:27)
at Pages.HomePage.<init>(HomePage.java:27)
at Pages.HomePage.<init>(HomePage.java:27)
at Pages.HomePage.<init>(HomePage.java:27)
at Pages.HomePage.<init>(HomePage.java:27)
at Pages.HomePage.<init>(HomePage.java:27)
at Pages.HomePage.<init>(HomePage.java:27)
at Pages.HomePage.<init>(HomePage.java:27)
at Pages.HomePage.<init>(HomePage.java:27)
at Pages.HomePage.<init>(HomePage.java:27)
at Pages.HomePage.<init>(HomePage.java:27)
at Pages.HomePage.<init>(HomePage.java:27)
at Pages.HomePage.<init>(HomePage.java:27)
at Pages.HomePage.<init>(HomePage.java:27)
at Pages.HomePage.<init>(HomePage.java:27)
at Pages.HomePage.<init>(HomePage.java:27)
at Pages.HomePage.<init>(HomePage.java:27)
at Pages.HomePage.<init>(HomePage.java:27)
at Pages.HomePage.<init>(HomePage.java:27)
at Pages.HomePage.<init>(HomePage.java:27)
at Pages.HomePage.<init>(HomePage.java:27)
at Pages.HomePage.<init>(HomePage.java:27)
at Pages.HomePage.<init>(HomePage.java:27)
at Pages.HomePage.<init>(HomePage.java:27)
at Pages.HomePage.<init>(HomePage.java:27)
at Pages.HomePage.<init>(HomePage.java:27)
at Pages.HomePage.<init>(HomePage.java:27)
at Pages.HomePage.<init>(HomePage.java:27)
at Pages.HomePage.<init>(HomePage.java:27)
at Pages.HomePage.<init>(HomePage.java:27)
at Pages.HomePage.<init>(HomePage.java:27)
at Pages.HomePage.<init>(HomePage.java:27)
at Pages.HomePage.<init>(HomePage.java:27)
at Pages.HomePage.<init>(HomePage.java:27)
at Pages.HomePage.<init>(HomePage.java:27)
at Pages.HomePage.<init>(HomePage.java:27)
at Pages.HomePage.<init>(HomePage.java:27)
at Pages.HomePage.<init>(HomePage.java:27)
at Pages.HomePage.<init>(HomePage.java:27)
at Pages.HomePage.<init>(HomePage.java:27)
at Pages.HomePage.<init>(HomePage.java:27)
at Pages.HomePage.<init>(HomePage.java:27)
at Pages.HomePage.<init>(HomePage.java:27)
at Pages.HomePage.<init>(HomePage.java:27)
at Pages.HomePage.<init>(HomePage.java:27)
at Pages.HomePage.<init>(HomePage.java:27)
at Pages.HomePage.<init>(HomePage.java:27)
at Pages.HomePage.<init>(HomePage.java:27)
at Pages.HomePage.<init>(HomePage.java:27)
at Pages.HomePage.<init>(HomePage.java:27)
at Pages.HomePage.<init>(HomePage.java:27)
at Pages.HomePage.<init>(HomePage.java:27)
at Pages.HomePage.<init>(HomePage.java:27)
at Pages.HomePage.<init>(HomePage.java:27)
at Pages.HomePage.<init>(HomePage.java:27)
at Pages.HomePage.<init>(HomePage.java:27)
at Pages.HomePage.<init>(HomePage.java:27)
at Pages.HomePage.<init>(HomePage.java:27)
at Pages.HomePage.<init>(HomePage.java:27)
at Pages.HomePage.<init>(HomePage.java:27)
at Pages.HomePage.<init>(HomePage.java:27)
at Pages.HomePage.<init>(HomePage.java:27)
at Pages.HomePage.<init>(HomePage.java:27)
at Pages.HomePage.<init>(HomePage.java:27)
at Pages.HomePage.<init>(HomePage.java:27)
at Pages.HomePage.<init>(HomePage.java:27)
at Pages.HomePage.<init>(HomePage.java:27)
at Pages.HomePage.<init>(HomePage.java:27)
at Pages.HomePage.<init>(HomePage.java:27)
at Pages.HomePage.<init>(HomePage.java:27)
at Pages.HomePage.<init>(HomePage.java:27)
at Pages.HomePage.<init>(HomePage.java:27)
at Pages.HomePage.<init>(HomePage.java:27)
at Pages.HomePage.<init>(HomePage.java:27)
at Pages.HomePage.<init>(HomePage.java:27)
at Pages.HomePage.<init>(HomePage.java:27)
at Pages.HomePage.<init>(HomePage.java:27)
at Pages.HomePage.<init>(HomePage.java:27)
at Pages.HomePage.<init>(HomePage.java:27)
at Pages.HomePage.<init>(HomePage.java:27)
at Pages.HomePage.<init>(HomePage.java:27)
at Pages.HomePage.<init>(HomePage.java:27)
at Pages.HomePage.<init>(HomePage.java:27)
at Pages.HomePage.<init>(HomePage.java:27)
at Pages.HomePage.<init>(HomePage.java:27)
at Pages.HomePage.<init>(HomePage.java:27)
at Pages.HomePage.<init>(HomePage.java:27)
at Pages.HomePage.<init>(HomePage.java:27)
at Pages.HomePage.<init>(HomePage.java:27)
at Pages.HomePage.<init>(HomePage.java:27)
at Pages.HomePage.<init>(HomePage.java:27)
at Pages.HomePage.<init>(HomePage.java:27)
at Pages.HomePage.<init>(HomePage.java:27)
at Pages.HomePage.<init>(HomePage.java:27)
at Pages.HomePage.<init>(HomePage.java:27)
at Pages.HomePage.<init>(HomePage.java:27)
at Pages.HomePage.<init>(HomePage.java:27)
at Pages.HomePage.<init>(HomePage.java:27)
at Pages.HomePage.<init>(HomePage.java:27)
at Pages.HomePage.<init>(HomePage.java:27)
at Pages.HomePage.<init>(HomePage.java:27)
at Pages.HomePage.<init>(HomePage.java:27)
at Pages.HomePage.<init>(HomePage.java:27)
at Pages.HomePage.<init>(HomePage.java:27)
at Pages.HomePage.<init>(HomePage.java:27)
at Pages.HomePage.<init>(HomePage.java:27)
at Pages.HomePage.<init>(HomePage.java:27)
at Pages.HomePage.<init>(HomePage.java:27)
at Pages.HomePage.<init>(HomePage.java:27)
at Pages.HomePage.<init>(HomePage.java:27)
at Pages.HomePage.<init>(HomePage.java:27)
at Pages.HomePage.<init>(HomePage.java:27)
at Pages.HomePage.<init>(HomePage.java:27)
at Pages.HomePage.<init>(HomePage.java:27)
at Pages.HomePage.<init>(HomePage.java:27)
at Pages.HomePage.<init>(HomePage.java:27)
at Pages.HomePage.<init>(HomePage.java:27)
at Pages.HomePage.<init>(HomePage.java:27)
at Pages.HomePage.<init>(HomePage.java:27)
at Pages.HomePage.<init>(HomePage.java:27)
at Pages.HomePage.<init>(HomePage.java:27)
at Pages.HomePage.<init>(HomePage.java:27)
at Pages.HomePage.<init>(HomePage.java:27)
at Pages.HomePage.<init>(HomePage.java:27)
at Pages.HomePage.<init>(HomePage.java:27)
at Pages.HomePage.<init>(HomePage.java:27)
at Pages.HomePage.<init>(HomePage.java:27)
at Pages.HomePage.<init>(HomePage.java:27)
at Pages.HomePage.<init>(HomePage.java:27)
at Pages.HomePage.<init>(HomePage.java:27)
at Pages.HomePage.<init>(HomePage.java:27)
at Pages.HomePage.<init>(HomePage.java:27)
at Pages.HomePage.<init>(HomePage.java:27)
at Pages.HomePage.<init>(HomePage.java:27)
at Pages.HomePage.<init>(HomePage.java:27)
at Pages.HomePage.<init>(HomePage.java:27)
at Pages.HomePage.<init>(HomePage.java:27)
at Pages.HomePage.<init>(HomePage.java:27)
at Pages.HomePage.<init>(HomePage.java:27)
at Pages.HomePage.<init>(HomePage.java:27)
at Pages.HomePage.<init>(HomePage.java:27)
at Pages.HomePage.<init>(HomePage.java:27)
at Pages.HomePage.<init>(HomePage.java:27)
at Pages.HomePage.<init>(HomePage.java:27)
at Pages.HomePage.<init>(HomePage.java:27)
at Pages.HomePage.<init>(HomePage.java:27)
at Pages.HomePage.<init>(HomePage.java:27)
at Pages.HomePage.<init>(HomePage.java:27)
at Pages.HomePage.<init>(HomePage.java:27)
at Pages.HomePage.<init>(HomePage.java:27)
at Pages.HomePage.<init>(HomePage.java:27)
at Pages.HomePage.<init>(HomePage.java:27)
at Pages.HomePage.<init>(HomePage.java:27)
at Pages.HomePage.<init>(HomePage.java:27)
at Pages.HomePage.<init>(HomePage.java:27)
at Pages.HomePage.<init>(HomePage.java:27)
at Pages.HomePage.<init>(HomePage.java:27)
at Pages.HomePage.<init>(HomePage.java:27)
at Pages.HomePage.<init>(HomePage.java:27)
at Pages.HomePage.<init>(HomePage.java:27)
at Pages.HomePage.<init>(HomePage.java:27)
at Pages.HomePage.<init>(HomePage.java:27)
at Pages.HomePage.<init>(HomePage.java:27)
at Pages.HomePage.<init>(HomePage.java:27)
at Pages.HomePage.<init>(HomePage.java:27)
at Pages.HomePage.<init>(HomePage.java:27)
at Pages.HomePage.<init>(HomePage.java:27)
at Pages.HomePage.<init>(HomePage.java:27)
at Pages.HomePage.<init>(HomePage.java:27)
at Pages.HomePage.<init>(HomePage.java:27)
at Pages.HomePage.<init>(HomePage.java:27)
at Pages.HomePage.<init>(HomePage.java:27)
at Pages.HomePage.<init>(HomePage.java:27)
at Pages.HomePage.<init>(HomePage.java:27)
at Pages.HomePage.<init>(HomePage.java:27)
at Pages.HomePage.<init>(HomePage.java:27)
at Pages.HomePage.<init>(HomePage.java:27)
at Pages.HomePage.<init>(HomePage.java:27)
at Pages.HomePage.<init>(HomePage.java:27)
at Pages.HomePage.<init>(HomePage.java:27)
at Pages.HomePage.<init>(HomePage.java:27)
at Pages.HomePage.<init>(HomePage.java:27)
at Pages.HomePage.<init>(HomePage.java:27)
at Pages.HomePage.<init>(HomePage.java:27)
at Pages.HomePage.<init>(HomePage.java:27)
at Pages.HomePage.<init>(HomePage.java:27)
at Pages.HomePage.<init>(HomePage.java:27)
at Pages.HomePage.<init>(HomePage.java:27)
at Pages.HomePage.<init>(HomePage.java:27)
at Pages.HomePage.<init>(HomePage.java:27)
at Pages.HomePage.<init>(HomePage.java:27)
at Pages.HomePage.<init>(HomePage.java:27)
at Pages.HomePage.<init>(HomePage.java:27)
at Pages.HomePage.<init>(HomePage.java:27)
at Pages.HomePage.<init>(HomePage.java:27)
at Pages.HomePage.<init>(HomePage.java:27)
at Pages.HomePage.<init>(HomePage.java:27)
at Pages.HomePage.<init>(HomePage.java:27)
at Pages.HomePage.<init>(HomePage.java:27)
at Pages.HomePage.<init>(HomePage.java:27)
at Pages.HomePage.<init>(HomePage.java:27)
at Pages.HomePage.<init>(HomePage.java:27)
at Pages.HomePage.<init>(HomePage.java:27)
at Pages.HomePage.<init>(HomePage.java:27)
at Pages.HomePage.<init>(HomePage.java:27)
at Pages.HomePage.<init>(HomePage.java:27)
at Pages.HomePage.<init>(HomePage.java:27)
at Pages.HomePage.<init>(HomePage.java:27)
at Pages.HomePage.<init>(HomePage.java:27)
at Pages.HomePage.<init>(HomePage.java:27)
at Pages.HomePage.<init>(HomePage.java:27)
at Pages.HomePage.<init>(HomePage.java:27)
at Pages.HomePage.<init>(HomePage.java:27)
at Pages.HomePage.<init>(HomePage.java:27)
at Pages.HomePage.<init>(HomePage.java:27)
at Pages.HomePage.<init>(HomePage.java:27)
at Pages.HomePage.<init>(HomePage.java:27)
at Pages.HomePage.<init>(HomePage.java:27)
at Pages.HomePage.<init>(HomePage.java:27)
at Pages.HomePage.<init>(HomePage.java:27)
at Pages.HomePage.<init>(HomePage.java:27)
at Pages.HomePage.<init>(HomePage.java:27)
at Pages.HomePage.<init>(HomePage.java:27)
at Pages.HomePage.<init>(HomePage.java:27)
at Pages.HomePage.<init>(HomePage.java:27)
at Pages.HomePage.<init>(HomePage.java:27)
at Pages.HomePage.<init>(HomePage.java:27)
at Pages.HomePage.<init>(HomePage.java:27)
at Pages.HomePage.<init>(HomePage.java:27)
at Pages.HomePage.<init>(HomePage.java:27)
at Pages.HomePage.<init>(HomePage.java:27)
at Pages.HomePage.<init>(HomePage.java:27)
at Pages.HomePage.<init>(HomePage.java:27)
at Pages.HomePage.<init>(HomePage.java:27)
at Pages.HomePage.<init>(HomePage.java:27)
at Pages.HomePage.<init>(HomePage.java:27)
at Pages.HomePage.<init>(HomePage.java:27)
at Pages.HomePage.<init>(HomePage.java:27)
at Pages.HomePage.<init>(HomePage.java:27)
at Pages.HomePage.<init>(HomePage.java:27)
at Pages.HomePage.<init>(HomePage.java:27)
at Pages.HomePage.<init>(HomePage.java:27)
at Pages.HomePage.<init>(HomePage.java:27)
at Pages.HomePage.<init>(HomePage.java:27)
at Pages.HomePage.<init>(HomePage.java:27)
at Pages.HomePage.<init>(HomePage.java:27)
at Pages.HomePage.<init>(HomePage.java:27)
at Pages.HomePage.<init>(HomePage.java:27)
at Pages.HomePage.<init>(HomePage.java:27)
at Pages.HomePage.<init>(HomePage.java:27)
at Pages.HomePage.<init>(HomePage.java:27)
at Pages.HomePage.<init>(HomePage.java:27)
at Pages.HomePage.<init>(HomePage.java:27)
at Pages.HomePage.<init>(HomePage.java:27)
at Pages.HomePage.<init>(HomePage.java:27)
at Pages.HomePage.<init>(HomePage.java:27)
at Pages.HomePage.<init>(HomePage.java:27)
at Pages.HomePage.<init>(HomePage.java:27)
at Pages.HomePage.<init>(HomePage.java:27)
at Pages.HomePage.<init>(HomePage.java:27)
at Pages.HomePage.<init>(HomePage.java:27)
at Pages.HomePage.<init>(HomePage.java:27)
at Pages.HomePage.<init>(HomePage.java:27)
at Pages.HomePage.<init>(HomePage.java:27)
at Pages.HomePage.<init>(HomePage.java:27)
at Pages.HomePage.<init>(HomePage.java:27)
at Pages.HomePage.<init>(HomePage.java:27)
at Pages.HomePage.<init>(HomePage.java:27)
at Pages.HomePage.<init>(HomePage.java:27)
at Pages.HomePage.<init>(HomePage.java:27)
at Pages.HomePage.<init>(HomePage.java:27)
at Pages.HomePage.<init>(HomePage.java:27)
at Pages.HomePage.<init>(HomePage.java:27)
at Pages.HomePage.<init>(HomePage.java:27)
at Pages.HomePage.<init>(HomePage.java:27)
at Pages.HomePage.<init>(HomePage.java:27)
at Pages.HomePage.<init>(HomePage.java:27)
at Pages.HomePage.<init>(HomePage.java:27)
at Pages.HomePage.<init>(HomePage.java:27)
at Pages.HomePage.<init>(HomePage.java:27)
at Pages.HomePage.<init>(HomePage.java:27)
at Pages.HomePage.<init>(HomePage.java:27)
at Pages.HomePage.<init>(HomePage.java:27)
at Pages.HomePage.<init>(HomePage.java:27)
at Pages.HomePage.<init>(HomePage.java:27)
at Pages.HomePage.<init>(HomePage.java:27)
at Pages.HomePage.<init>(HomePage.java:27)
at Pages.HomePage.<init>(HomePage.java:27)
at Pages.HomePage.<init>(HomePage.java:27)
at Pages.HomePage.<init>(HomePage.java:27)
at Pages.HomePage.<init>(HomePage.java:27)
at Pages.HomePage.<init>(HomePage.java:27)
at Pages.HomePage.<init>(HomePage.java:27)
at Pages.HomePage.<init>(HomePage.java:27)
at Pages.HomePage.<init>(HomePage.java:27)
at Pages.HomePage.<init>(HomePage.java:27)
at Pages.HomePage.<init>(HomePage.java:27)
at Pages.HomePage.<init>(HomePage.java:27)
at Pages.HomePage.<init>(HomePage.java:27)
at Pages.HomePage.<init>(HomePage.java:27)
at Pages.HomePage.<init>(HomePage.java:27)
at Pages.HomePage.<init>(HomePage.java:27)
at Pages.HomePage.<init>(HomePage.java:27)
at Pages.HomePage.<init>(HomePage.java:27)
at Pages.HomePage.<init>(HomePage.java:27)
at Pages.HomePage.<init>(HomePage.java:27)
at Pages.HomePage.<init>(HomePage.java:27)
at Pages.HomePage.<init>(HomePage.java:27)
at Pages.HomePage.<init>(HomePage.java:27)
at Pages.HomePage.<init>(HomePage.java:27)
at Pages.HomePage.<init>(HomePage.java:27)
at Pages.HomePage.<init>(HomePage.java:27)
at Pages.HomePage.<init>(HomePage.java:27)
at Pages.HomePage.<init>(HomePage.java:27)
at Pages.HomePage.<init>(HomePage.java:27)
at Pages.HomePage.<init>(HomePage.java:27)
at Pages.HomePage.<init>(HomePage.java:27)
at Pages.HomePage.<init>(HomePage.java:27)
at Pages.HomePage.<init>(HomePage.java:27)
at Pages.HomePage.<init>(HomePage.java:27)
at Pages.HomePage.<init>(HomePage.java:27)
at Pages.HomePage.<init>(HomePage.java:27)
at Pages.HomePage.<init>(HomePage.java:27)
at Pages.HomePage.<init>(HomePage.java:27)
at Pages.HomePage.<init>(HomePage.java:27)
at Pages.HomePage.<init>(HomePage.java:27)
at Pages.HomePage.<init>(HomePage.java:27)
at Pages.HomePage.<init>(HomePage.java:27)
at Pages.HomePage.<init>(HomePage.java:27)
at Pages.HomePage.<init>(HomePage.java:27)
at Pages.HomePage.<init>(HomePage.java:27)
at Pages.HomePage.<init>(HomePage.java:27)
at Pages.HomePage.<init>(HomePage.java:27)
at Pages.HomePage.<init>(HomePage.java:27)
at Pages.HomePage.<init>(HomePage.java:27)
at Pages.HomePage.<init>(HomePage.java:27)
at Pages.HomePage.<init>(HomePage.java:27)
at Pages.HomePage.<init>(HomePage.java:27)
at Pages.HomePage.<init>(HomePage.java:27)
at Pages.HomePage.<init>(HomePage.java:27)
at Pages.HomePage.<init>(HomePage.java:27)
at Pages.HomePage.<init>(HomePage.java:27)
at Pages.HomePage.<init>(HomePage.java:27)
at Pages.HomePage.<init>(HomePage.java:27)
at Pages.HomePage.<init>(HomePage.java:27)
at Pages.HomePage.<init>(HomePage.java:27)
at Pages.HomePage.<init>(HomePage.java:27)
at Pages.HomePage.<init>(HomePage.java:27)
at Pages.HomePage.<init>(HomePage.java:27)
at Pages.HomePage.<init>(HomePage.java:27)
at Pages.HomePage.<init>(HomePage.java:27)
at Pages.HomePage.<init>(HomePage.java:27)
at Pages.HomePage.<init>(HomePage.java:27)
at Pages.HomePage.<init>(HomePage.java:27)
at Pages.HomePage.<init>(HomePage.java:27)
at Pages.HomePage.<init>(HomePage.java:27)
at Pages.HomePage.<init>(HomePage.java:27)
at Pages.HomePage.<init>(HomePage.java:27)
at Pages.HomePage.<init>(HomePage.java:27)
at Pages.HomePage.<init>(HomePage.java:27)
at Pages.HomePage.<init>(HomePage.java:27)
at Pages.HomePage.<init>(HomePage.java:27)
at Pages.HomePage.<init>(HomePage.java:27)
at Pages.HomePage.<init>(HomePage.java:27)
at Pages.HomePage.<init>(HomePage.java:27)
at Pages.HomePage.<init>(HomePage.java:27)
at Pages.HomePage.<init>(HomePage.java:27)
at Pages.HomePage.<init>(HomePage.java:27)
at Pages.HomePage.<init>(HomePage.java:27)
at Pages.HomePage.<init>(HomePage.java:27)
at Pages.HomePage.<init>(HomePage.java:27)
at Pages.HomePage.<init>(HomePage.java:27)
at Pages.HomePage.<init>(HomePage.java:27)
at Pages.HomePage.<init>(HomePage.java:27)
at Pages.HomePage.<init>(HomePage.java:27)
at Pages.HomePage.<init>(HomePage.java:27)
at Pages.HomePage.<init>(HomePage.java:27)
at Pages.HomePage.<init>(HomePage.java:27)
at Pages.HomePage.<init>(HomePage.java:27)
at Pages.HomePage.<init>(HomePage.java:27)
at Pages.HomePage.<init>(HomePage.java:27)
at Pages.HomePage.<init>(HomePage.java:27)
at Pages.HomePage.<init>(HomePage.java:27)
at Pages.HomePage.<init>(HomePage.java:27)
at Pages.HomePage.<init>(HomePage.java:27)
at Pages.HomePage.<init>(HomePage.java:27)
at Pages.HomePage.<init>(HomePage.java:27)
at Pages.HomePage.<init>(HomePage.java:27)
at Pages.HomePage.<init>(HomePage.java:27)
at Pages.HomePage.<init>(HomePage.java:27)
at Pages.HomePage.<init>(HomePage.java:27)
at Pages.HomePage.<init>(HomePage.java:27)
at Pages.HomePage.<init>(HomePage.java:27)
at Pages.HomePage.<init>(HomePage.java:27)
at Pages.HomePage.<init>(HomePage.java:27)
at Pages.HomePage.<init>(HomePage.java:27)
at Pages.HomePage.<init>(HomePage.java:27)
at Pages.HomePage.<init>(HomePage.java:27)
at Pages.HomePage.<init>(HomePage.java:27)
at Pages.HomePage.<init>(HomePage.java:27)
at Pages.HomePage.<init>(HomePage.java:27)
at Pages.HomePage.<init>(HomePage.java:27)
at Pages.HomePage.<init>(HomePage.java:27)
at Pages.HomePage.<init>(HomePage.java:27)
at Pages.HomePage.<init>(HomePage.java:27)
at Pages.HomePage.<init>(HomePage.java:27)
at Pages.HomePage.<init>(HomePage.java:27)
at Pages.HomePage.<init>(HomePage.java:27)
at Pages.HomePage.<init>(HomePage.java:27)
at Pages.HomePage.<init>(HomePage.java:27)
at Pages.HomePage.<init>(HomePage.java:27)
at Pages.HomePage.<init>(HomePage.java:27)
at Pages.HomePage.<init>(HomePage.java:27)
at Pages.HomePage.<init>(HomePage.java:27)
at Pages.HomePage.<init>(HomePage.java:27)
at Pages.HomePage.<init>(HomePage.java:27)
at Pages.HomePage.<init>(HomePage.java:27)
at Pages.HomePage.<init>(HomePage.java:27)
at Pages.HomePage.<init>(HomePage.java:27)
at Pages.HomePage.<init>(HomePage.java:27)
at Pages.HomePage.<init>(HomePage.java:27)
at Pages.HomePage.<init>(HomePage.java:27)
at Pages.HomePage.<init>(HomePage.java:27)
at Pages.HomePage.<init>(HomePage.java:27)
at Pages.HomePage.<init>(HomePage.java:27)
at Pages.HomePage.<init>(HomePage.java:27)
at Pages.HomePage.<init>(HomePage.java:27)
at Pages.HomePage.<init>(HomePage.java:27)
at Pages.HomePage.<init>(HomePage.java:27)
at Pages.HomePage.<init>(HomePage.java:27)
at Pages.HomePage.<init>(HomePage.java:27)
at Pages.HomePage.<init>(HomePage.java:27)
at Pages.HomePage.<init>(HomePage.java:27)
at Pages.HomePage.<init>(HomePage.java:27)
at Pages.HomePage.<init>(HomePage.java:27)
at Pages.HomePage.<init>(HomePage.java:27)
at Pages.HomePage.<init>(HomePage.java:27)
at Pages.HomePage.<init>(HomePage.java:27)
at Pages.HomePage.<init>(HomePage.java:27)
at Pages.HomePage.<init>(HomePage.java:27)
at Pages.HomePage.<init>(HomePage.java:27)
at Pages.HomePage.<init>(HomePage.java:27)
at Pages.HomePage.<init>(HomePage.java:27)
at Pages.HomePage.<init>(HomePage.java:27)
at Pages.HomePage.<init>(HomePage.java:27)
at Pages.HomePage.<init>(HomePage.java:27)
at Pages.HomePage.<init>(HomePage.java:27)
at Pages.HomePage.<init>(HomePage.java:27)
at Pages.HomePage.<init>(HomePage.java:27)
at Pages.HomePage.<init>(HomePage.java:27)
at Pages.HomePage.<init>(HomePage.java:27)
at Pages.HomePage.<init>(HomePage.java:27)
at Pages.HomePage.<init>(HomePage.java:27)
at Pages.HomePage.<init>(HomePage.java:27)
at Pages.HomePage.<init>(HomePage.java:27)
at Pages.HomePage.<init>(HomePage.java:27)
at Pages.HomePage.<init>(HomePage.java:27)
at Pages.HomePage.<init>(HomePage.java:27)
at Pages.HomePage.<init>(HomePage.java:27)
at Pages.HomePage.<init>(HomePage.java:27)
at Pages.HomePage.<init>(HomePage.java:27)
at Pages.HomePage.<init>(HomePage.java:27)
at Pages.HomePage.<init>(HomePage.java:27)
at Pages.HomePage.<init>(HomePage.java:27)
at Pages.HomePage.<init>(HomePage.java:27)
at Pages.HomePage.<init>(HomePage.java:27)
at Pages.HomePage.<init>(HomePage.java:27)
at Pages.HomePage.<init>(HomePage.java:27)
at Pages.HomePage.<init>(HomePage.java:27)
at Pages.HomePage.<init>(HomePage.java:27)
at Pages.HomePage.<init>(HomePage.java:27)
at Pages.HomePage.<init>(HomePage.java:27)
at Pages.HomePage.<init>(HomePage.java:27)
at Pages.HomePage.<init>(HomePage.java:27)
at Pages.HomePage.<init>(HomePage.java:27)
at Pages.HomePage.<init>(HomePage.java:27)
at Pages.HomePage.<init>(HomePage.java:27)
at Pages.HomePage.<init>(HomePage.java:27)
at Pages.HomePage.<init>(HomePage.java:27)
at Pages.HomePage.<init>(HomePage.java:27)
at Pages.HomePage.<init>(HomePage.java:27)
at Pages.HomePage.<init>(HomePage.java:27)
at Pages.HomePage.<init>(HomePage.java:27)
at Pages.HomePage.<init>(HomePage.java:27)
at Pages.HomePage.<init>(HomePage.java:27)
at Pages.HomePage.<init>(HomePage.java:27)
at Pages.HomePage.<init>(HomePage.java:27)
at Pages.HomePage.<init>(HomePage.java:27)
at Pages.HomePage.<init>(HomePage.java:27)
at Pages.HomePage.<init>(HomePage.java:27)
at Pages.HomePage.<init>(HomePage.java:27)
at Pages.HomePage.<init>(HomePage.java:27)
at Pages.HomePage.<init>(HomePage.java:27)
at Pages.HomePage.<init>(HomePage.java:27)
at Pages.HomePage.<init>(HomePage.java:27)
at Pages.HomePage.<init>(HomePage.java:27)
at Pages.HomePage.<init>(HomePage.java:27)
at Pages.HomePage.<init>(HomePage.java:27)
at Pages.HomePage.<init>(HomePage.java:27)
at Pages.HomePage.<init>(HomePage.java:27)
at Pages.HomePage.<init>(HomePage.java:27)
at Pages.HomePage.<init>(HomePage.java:27)
at Pages.HomePage.<init>(HomePage.java:27)
at Pages.HomePage.<init>(HomePage.java:27)
at Pages.HomePage.<init>(HomePage.java:27)
at Pages.HomePage.<init>(HomePage.java:27)
at Pages.HomePage.<init>(HomePage.java:27)
at Pages.HomePage.<init>(HomePage.java:27)
at Pages.HomePage.<init>(HomePage.java:27)
at Pages.HomePage.<init>(HomePage.java:27)
at Pages.HomePage.<init>(HomePage.java:27)
at Pages.HomePage.<init>(HomePage.java:27)
at Pages.HomePage.<init>(HomePage.java:27)
at Pages.HomePage.<init>(HomePage.java:27)
at Pages.HomePage.<init>(HomePage.java:27)
at Pages.HomePage.<init>(HomePage.java:27)
at Pages.HomePage.<init>(HomePage.java:27)
at Pages.HomePage.<init>(HomePage.java:27)
at Pages.HomePage.<init>(HomePage.java:27)
at Pages.HomePage.<init>(HomePage.java:27)
at Pages.HomePage.<init>(HomePage.java:27)
at Pages.HomePage.<init>(HomePage.java:27)
at Pages.HomePage.<init>(HomePage.java:27)
at Pages.HomePage.<init>(HomePage.java:27)
at Pages.HomePage.<init>(HomePage.java:27)
at Pages.HomePage.<init>(HomePage.java:27)
at Pages.HomePage.<init>(HomePage.java:27)
at Pages.HomePage.<init>(HomePage.java:27)
at Pages.HomePage.<init>(HomePage.java:27)
at Pages.HomePage.<init>(HomePage.java:27)
at Pages.HomePage.<init>(HomePage.java:27)
at Pages.HomePage.<init>(HomePage.java:27)
at Pages.HomePage.<init>(HomePage.java:27)
at Pages.HomePage.<init>(HomePage.java:27)
at Pages.HomePage.<init>(HomePage.java:27)
at Pages.HomePage.<init>(HomePage.java:27)
at Pages.HomePage.<init>(HomePage.java:27)
at Pages.HomePage.<init>(HomePage.java:27)
at Pages.HomePage.<init>(HomePage.java:27)
at Pages.HomePage.<init>(HomePage.java:27)
at Pages.HomePage.<init>(HomePage.java:27)
at Pages.HomePage.<init>(HomePage.java:27)
at Pages.HomePage.<init>(HomePage.java:27)
at Pages.HomePage.<init>(HomePage.java:27)
at Pages.HomePage.<init>(HomePage.java:27)
at Pages.HomePage.<init>(HomePage.java:27)
at Pages.HomePage.<init>(HomePage.java:27)
at Pages.HomePage.<init>(HomePage.java:27)
at Pages.HomePage.<init>(HomePage.java:27)
at Pages.HomePage.<init>(HomePage.java:27)
at Pages.HomePage.<init>(HomePage.java:27)
at Pages.HomePage.<init>(HomePage.java:27)
at Pages.HomePage.<init>(HomePage.java:27)
at Pages.HomePage.<init>(HomePage.java:27)
at Pages.HomePage.<init>(HomePage.java:27)
at Pages.HomePage.<init>(HomePage.java:27)
at Pages.HomePage.<init>(HomePage.java:27)
at Pages.HomePage.<init>(HomePage.java:27)
at Pages.HomePage.<init>(HomePage.java:27)
at Pages.HomePage.<init>(HomePage.java:27)
at Pages.HomePage.<init>(HomePage.java:27)
at Pages.HomePage.<init>(HomePage.java:27)
at Pages.HomePage.<init>(HomePage.java:27)
at Pages.HomePage.<init>(HomePage.java:27)
at Pages.HomePage.<init>(HomePage.java:27)
at Pages.HomePage.<init>(HomePage.java:27)
at Pages.HomePage.<init>(HomePage.java:27)
at Pages.HomePage.<init>(HomePage.java:27)
at Pages.HomePage.<init>(HomePage.java:27)
at Pages.HomePage.<init>(HomePage.java:27)
at Pages.HomePage.<init>(HomePage.java:27)
at Pages.HomePage.<init>(HomePage.java:27)
at Pages.HomePage.<init>(HomePage.java:27)
at Pages.HomePage.<init>(HomePage.java:27)
at Pages.HomePage.<init>(HomePage.java:27)
at Pages.HomePage.<init>(HomePage.java:27)
at Pages.HomePage.<init>(HomePage.java:27)
at Pages.HomePage.<init>(HomePage.java:27)
at Pages.HomePage.<init>(HomePage.java:27)
at Pages.HomePage.<init>(HomePage.java:27)
at Pages.HomePage.<init>(HomePage.java:27)
at Pages.HomePage.<init>(HomePage.java:27)
at Pages.HomePage.<init>(HomePage.java:27)
at Pages.HomePage.<init>(HomePage.java:27)
at Pages.HomePage.<init>(HomePage.java:27)
at Pages.HomePage.<init>(HomePage.java:27)
at Pages.HomePage.<init>(HomePage.java:27)
at Pages.HomePage.<init>(HomePage.java:27)
at Pages.HomePage.<init>(HomePage.java:27)
at Pages.HomePage.<init>(HomePage.java:27)
at Pages.HomePage.<init>(HomePage.java:27)
at Pages.HomePage.<init>(HomePage.java:27)
at Pages.HomePage.<init>(HomePage.java:27)
at Pages.HomePage.<init>(HomePage.java:27)
at Pages.HomePage.<init>(HomePage.java:27)
at Pages.HomePage.<init>(HomePage.java:27)
at Pages.HomePage.<init>(HomePage.java:27)
at Pages.HomePage.<init>(HomePage.java:27)
at Pages.HomePage.<init>(HomePage.java:27)
at Pages.HomePage.<init>(HomePage.java:27)
at Pages.HomePage.<init>(HomePage.java:27)
at Pages.HomePage.<init>(HomePage.java:27)
at Pages.HomePage.<init>(HomePage.java:27)
at Pages.HomePage.<init>(HomePage.java:27)
at Pages.HomePage.<init>(HomePage.java:27)
at Pages.HomePage.<init>(HomePage.java:27)
at Pages.HomePage.<init>(HomePage.java:27)
at Pages.HomePage.<init>(HomePage.java:27)
at Pages.HomePage.<init>(HomePage.java:27)
at Pages.HomePage.<init>(HomePage.java:27)
at Pages.HomePage.<init>(HomePage.java:27)
at Pages.HomePage.<init>(HomePage.java:27)
at Pages.HomePage.<init>(HomePage.java:27)
at Pages.HomePage.<init>(HomePage.java:27)
at Pages.HomePage.<init>(HomePage.java:27)
at Pages.HomePage.<init>(HomePage.java:27)
at Pages.HomePage.<init>(HomePage.java:27)
at Pages.HomePage.<init>(HomePage.java:27)
at Pages.HomePage.<init>(HomePage.java:27)
at Pages.HomePage.<init>(HomePage.java:27)
at Pages.HomePage.<init>(HomePage.java:27)
at Pages.HomePage.<init>(HomePage.java:27)
at Pages.HomePage.<init>(HomePage.java:27)
at Pages.HomePage.<init>(HomePage.java:27)
at Pages.HomePage.<init>(HomePage.java:27)
at Pages.HomePage.<init>(HomePage.java:27)
at Pages.HomePage.<init>(HomePage.java:27)
at Pages.HomePage.<init>(HomePage.java:27)
at Pages.HomePage.<init>(HomePage.java:27)
at Pages.HomePage.<init>(HomePage.java:27)
at Pages.HomePage.<init>(HomePage.java:27)
at Pages.HomePage.<init>(HomePage.java:27)
at Pages.HomePage.<init>(HomePage.java:27)
at Pages.HomePage.<init>(HomePage.java:27)
at Pages.HomePage.<init>(HomePage.java:27)
at Pages.HomePage.<init>(HomePage.java:27)
at Pages.HomePage.<init>(HomePage.java:27)
at Pages.HomePage.<init>(HomePage.java:27)
at Pages.HomePage.<init>(HomePage.java:27)
at Pages.HomePage.<init>(HomePage.java:27)
at Pages.HomePage.<init>(HomePage.java:27)
at Pages.HomePage.<init>(HomePage.java:27)
at Pages.HomePage.<init>(HomePage.java:27)
at Pages.HomePage.<init>(HomePage.java:27)
at Pages.HomePage.<init>(HomePage.java:27)
at Pages.HomePage.<init>(HomePage.java:27)
at Pages.HomePage.<init>(HomePage.java:27)
at Pages.HomePage.<init>(HomePage.java:27)
at Pages.HomePage.<init>(HomePage.java:27)
at Pages.HomePage.<init>(HomePage.java:27)
at Pages.HomePage.<init>(HomePage.java:27)
at Pages.HomePage.<init>(HomePage.java:27)
at Pages.HomePage.<init>(HomePage.java:27)
at Pages.HomePage.<init>(HomePage.java:27)
at Pages.HomePage.<init>(HomePage.java:27)
at Pages.HomePage.<init>(HomePage.java:27)
at Pages.HomePage.<init>(HomePage.java:27)
at Pages.HomePage.<init>(HomePage.java:27)
at Pages.HomePage.<init>(HomePage.java:27)
at Pages.HomePage.<init>(HomePage.java:27)
at Pages.HomePage.<init>(HomePage.java:27)
at Pages.HomePage.<init>(HomePage.java:27)
at Pages.HomePage.<init>(HomePage.java:27)
at Pages.HomePage.<init>(HomePage.java:27)
at Pages.HomePage.<init>(HomePage.java:27)
at Pages.HomePage.<init>(HomePage.java:27)
at Pages.HomePage.<init>(HomePage.java:27)
at Pages.HomePage.<init>(HomePage.java:27)
at Pages.HomePage.<init>(HomePage.java:27)
at Pages.HomePage.<init>(HomePage.java:27)
at Pages.HomePage.<init>(HomePage.java:27)
at Pages.HomePage.<init>(HomePage.java:27)
at Pages.HomePage.<init>(HomePage.java:27)
at Pages.HomePage.<init>(HomePage.java:27)
at Pages.HomePage.<init>(HomePage.java:27)
at Pages.HomePage.<init>(HomePage.java:27)
at Pages.HomePage.<init>(HomePage.java:27)
at Pages.HomePage.<init>(HomePage.java:27)
at Pages.HomePage.<init>(HomePage.java:27)
at Pages.HomePage.<init>(HomePage.java:27)
at Pages.HomePage.<init>(HomePage.java:27)
at Pages.HomePage.<init>(HomePage.java:27)
at Pages.HomePage.<init>(HomePage.java:27)
at Pages.HomePage.<init>(HomePage.java:27)
at Pages.HomePage.<init>(HomePage.java:27)
at Pages.HomePage.<init>(HomePage.java:27)
at Pages.HomePage.<init>(HomePage.java:27)
at Pages.HomePage.<init>(HomePage.java:27)
at Pages.HomePage.<init>(HomePage.java:27)
at Pages.HomePage.<init>(HomePage.java:27)
at Pages.HomePage.<init>(HomePage.java:27)
at Pages.HomePage.<init>(HomePage.java:27)
at Pages.HomePage.<init>(HomePage.java:27)
at Pages.HomePage.<init>(HomePage.java:27)
at Pages.HomePage.<init>(HomePage.java:27)
at Pages.HomePage.<init>(HomePage.java:27)
at Pages.HomePage.<init>(HomePage.java:27)
at Pages.HomePage.<init>(HomePage.java:27)
at Pages.HomePage.<init>(HomePage.java:27)
at Pages.HomePage.<init>(HomePage.java:27)
at Pages.HomePage.<init>(HomePage.java:27)
at Pages.HomePage.<init>(HomePage.java:27)
at Pages.HomePage.<init>(HomePage.java:27)
at Pages.HomePage.<init>(HomePage.java:27)
at Pages.HomePage.<init>(HomePage.java:27)
at Pages.HomePage.<init>(HomePage.java:27)
at Pages.HomePage.<init>(HomePage.java:27)
at Pages.HomePage.<init>(HomePage.java:27)
at Pages.HomePage.<init>(HomePage.java:27)
at Pages.HomePage.<init>(HomePage.java:27)
at Pages.HomePage.<init>(HomePage.java:27)
at Pages.HomePage.<init>(HomePage.java:27)
at Pages.HomePage.<init>(HomePage.java:27)
at Pages.HomePage.<init>(HomePage.java:27)
at Pages.HomePage.<init>(HomePage.java:27)
at Pages.HomePage.<init>(HomePage.java:27)
at Pages.HomePage.<init>(HomePage.java:27)
at Pages.HomePage.<init>(HomePage.java:27)
at Pages.HomePage.<init>(HomePage.java:27)
at Pages.HomePage.<init>(HomePage.java:27)
at Pages.HomePage.<init>(HomePage.java:27)
at Pages.HomePage.<init>(HomePage.java:27)
at Pages.HomePage.<init>(HomePage.java:27)
at Pages.HomePage.<init>(HomePage.java:27)
at Pages.HomePage.<init>(HomePage.java:27)
at Pages.HomePage.<init>(HomePage.java:27)
at Pages.HomePage.<init>(HomePage.java:27)
at Pages.HomePage.<init>(HomePage.java:27)
at Pages.HomePage.<init>(HomePage.java:27)
at Pages.HomePage.<init>(HomePage.java:27)
at Pages.HomePage.<init>(HomePage.java:27)
at Pages.HomePage.<init>(HomePage.java:27)
at Pages.HomePage.<init>(HomePage.java:27)
at Pages.HomePage.<init>(HomePage.java:27)
at Pages.HomePage.<init>(HomePage.java:27)
at Pages.HomePage.<init>(HomePage.java:27)
at Pages.HomePage.<init>(HomePage.java:27)
at Pages.HomePage.<init>(HomePage.java:27)
at Pages.HomePage.<init>(HomePage.java:27)
at Pages.HomePage.<init>(HomePage.java:27)
at Pages.HomePage.<init>(HomePage.java:27)
at Pages.HomePage.<init>(HomePage.java:27)
at Pages.HomePage.<init>(HomePage.java:27)
at Pages.HomePage.<init>(HomePage.java:27)
at Pages.HomePage.<init>(HomePage.java:27)
at Pages.HomePage.<init>(HomePage.java:27)
at Pages.HomePage.<init>(HomePage.java:27)
at Pages.HomePage.<init>(HomePage.java:27)
at Pages.HomePage.<init>(HomePage.java:27)
at Pages.HomePage.<init>(HomePage.java:27)
at Pages.HomePage.<init>(HomePage.java:27)
at Pages.HomePage.<init>(HomePage.java:27)
at Pages.HomePage.<init>(HomePage.java:27)
at Pages.HomePage.<init>(HomePage.java:27)
at Pages.HomePage.<init>(HomePage.java:27)
at Pages.HomePage.<init>(HomePage.java:27)
at Pages.HomePage.<init>(HomePage.java:27)
at Pages.HomePage.<init>(HomePage.java:27)
at Pages.HomePage.<init>(HomePage.java:27)
at Pages.HomePage.<init>(HomePage.java:27)
at Pages.HomePage.<init>(HomePage.java:27)
at Pages.HomePage.<init>(HomePage.java:27)
at Pages.HomePage.<init>(HomePage.java:27)
at Pages.HomePage.<init>(HomePage.java:27)
at Pages.HomePage.<init>(HomePage.java:27)
at Pages.HomePage.<init>(HomePage.java:27)
at Pages.HomePage.<init>(HomePage.java:27)
at Pages.HomePage.<init>(HomePage.java:27)
at Pages.HomePage.<init>(HomePage.java:27)
at Pages.HomePage.<init>(HomePage.java:27)
at Pages.HomePage.<init>(HomePage.java:27)
at Pages.HomePage.<init>(HomePage.java:27)
at Pages.HomePage.<init>(HomePage.java:27)
at Pages.HomePage.<init>(HomePage.java:27)
at Pages.HomePage.<init>(HomePage.java:27)
at Pages.HomePage.<init>(HomePage.java:27)
at Pages.HomePage.<init>(HomePage.java:27)
at Pages.HomePage.<init>(HomePage.java:27)
at Pages.HomePage.<init>(HomePage.java:27)
at Pages.HomePage.<init>(HomePage.java:27)
at Pages.HomePage.<init>(HomePage.java:27)
at Pages.HomePage.<init>(HomePage.java:27)
at Pages.HomePage.<init>(HomePage.java:27)
at Pages.HomePage.<init>(HomePage.java:27)
at Pages.HomePage.<init>(HomePage.java:27)
at Pages.HomePage.<init>(HomePage.java:27)
at Pages.HomePage.<init>(HomePage.java:27)
at Pages.HomePage.<init>(HomePage.java:27)
at Pages.HomePage.<init>(HomePage.java:27)
at Pages.HomePage.<init>(HomePage.java:27)
at Pages.HomePage.<init>(HomePage.java:27)
at Pages.HomePage.<init>(HomePage.java:27)
at Pages.HomePage.<init>(HomePage.java:27)
at Pages.HomePage.<init>(HomePage.java:27)
at Pages.HomePage.<init>(HomePage.java:27)
at Pages.HomePage.<init>(HomePage.java:27)
at Pages.HomePage.<init>(HomePage.java:27)
at Pages.HomePage.<init>(HomePage.java:27)
at Pages.HomePage.<init>(HomePage.java:27)
at Pages.HomePage.<init>(HomePage.java:27)
at Pages.HomePage.<init>(HomePage.java:27)
at Pages.HomePage.<init>(HomePage.java:27)
at Pages.HomePage.<init>(HomePage.java:27)
at Pages.HomePage.<init>(HomePage.java:27)
at Pages.HomePage.<init>(HomePage.java:27)
at Pages.HomePage.<init>(HomePage.java:27)
at Pages.HomePage.<init>(HomePage.java:27)
at Pages.HomePage.<init>(HomePage.java:27)
at Pages.HomePage.<init>(HomePage.java:27)
at Pages.HomePage.<init>(HomePage.java:27)
at Pages.HomePage.<init>(HomePage.java:27)
at Pages.HomePage.<init>(HomePage.java:27)
at Pages.HomePage.<init>(HomePage.java:27)
at Pages.HomePage.<init>(HomePage.java:27)
at Pages.HomePage.<init>(HomePage.java:27)
at Pages.HomePage.<init>(HomePage.java:27)
at Pages.HomePage.<init>(HomePage.java:27)
at Pages.HomePage.<init>(HomePage.java:27)
at Pages.HomePage.<init>(HomePage.java:27)
at Pages.HomePage.<init>(HomePage.java:27)
at Pages.HomePage.<init>(HomePage.java:27)
at Pages.HomePage.<init>(HomePage.java:27)
at Pages.HomePage.<init>(HomePage.java:27)
at Pages.HomePage.<init>(HomePage.java:27)
at Pages.HomePage.<init>(HomePage.java:27)
at Pages.HomePage.<init>(HomePage.java:27)
at Pages.HomePage.<init>(HomePage.java:27)
at Pages.HomePage.<init>(HomePage.java:27)
at Pages.HomePage.<init>(HomePage.java:27)
at Pages.HomePage.<init>(HomePage.java:27)
at Pages.HomePage.<init>(HomePage.java:27)
at Pages.HomePage.<init>(HomePage.java:27)
at Pages.HomePage.<init>(HomePage.java:27)
at Pages.HomePage.<init>(HomePage.java:27)
at Pages.HomePage.<init>(HomePage.java:27)
at Pages.HomePage.<init>(HomePage.java:27)
at Pages.HomePage.<init>(HomePage.java:27)
at Pages.HomePage.<init>(HomePage.java:27)
at Pages.HomePage.<init>(HomePage.java:27)
at Pages.HomePage.<init>(HomePage.java:27)
at Pages.HomePage.<init>(HomePage.java:27)
at Pages.HomePage.<init>(HomePage.java:27)
at Pages.HomePage.<init>(HomePage.java:27)
at Pages.HomePage.<init>(HomePage.java:27)
at Pages.HomePage.<init>(HomePage.java:27)
at Pages.HomePage.<init>(HomePage.java:27)
at Pages.HomePage.<init>(HomePage.java:27)
at Pages.HomePage.<init>(HomePage.java:27)
at Pages.HomePage.<init>(HomePage.java:27)
at Pages.HomePage.<init>(HomePage.java:27)
at Pages.HomePage.<init>(HomePage.java:27)
at Pages.HomePage.<init>(HomePage.java:27)
at Pages.HomePage.<init>(HomePage.java:27)
at Pages.HomePage.<init>(HomePage.java:27)
at Pages.HomePage.<init>(HomePage.java:27)
at Pages.HomePage.<init>(HomePage.java:27)
at Pages.HomePage.<init>(HomePage.java:27)
at Pages.HomePage.<init>(HomePage.java:27)
at Pages.HomePage.<init>(HomePage.java:27)
at Pages.HomePage.<init>(HomePage.java:27)
at Pages.HomePage.<init>(HomePage.java:27)
at Pages.HomePage.<init>(HomePage.java:27)
at Pages.HomePage.<init>(HomePage.java:27)
at Pages.HomePage.<init>(HomePage.java:27)
at Pages.HomePage.<init>(HomePage.java:27)
at Pages.HomePage.<init>(HomePage.java:27)
at Pages.HomePage.<init>(HomePage.java:27)
at Pages.HomePage.<init>(HomePage.java:27)
at Pages.HomePage.<init>(HomePage.java:27)
at Pages.HomePage.<init>(HomePage.java:27)
at Pages.HomePage.<init>(HomePage.java:27)
at Pages.HomePage.<init>(HomePage.java:27)
at Pages.HomePage.<init>(HomePage.java:27)
at Pages.HomePage.<init>(HomePage.java:27)
at Pages.HomePage.<init>(HomePage.java:27)
at Pages.HomePage.<init>(HomePage.java:27)
at Pages.HomePage.<init>(HomePage.java:27)
at Pages.HomePage.<init>(HomePage.java:27)
at Pages.HomePage.<init>(HomePage.java:27)
at Pages.HomePage.<init>(HomePage.java:27)
at Pages.HomePage.<init>(HomePage.java:27)
at Pages.HomePage.<init>(HomePage.java:27)
at Pages.HomePage.<init>(HomePage.java:27)
at Pages.HomePage.<init>(HomePage.java:27)
at Pages.HomePage.<init>(HomePage.java:27)
at Pages.HomePage.<init>(HomePage.java:27)
at Pages.HomePage.<init>(HomePage.java:27)
at Pages.HomePage.<init>(HomePage.java:27)
at Pages.HomePage.<init>(HomePage.java:27)
at Pages.HomePage.<init>(HomePage.java:27)
at Pages.HomePage.<init>(HomePage.java:27)
at Pages.HomePage.<init>(HomePage.java:27)
at Pages.HomePage.<init>(HomePage.java:27)
at Pages.HomePage.<init>(HomePage.java:27)
at Pages.HomePage.<init>(HomePage.java:27)
at Pages.HomePage.<init>(HomePage.java:27)
at Pages.HomePage.<init>(HomePage.java:27)
at Pages.HomePage.<init>(HomePage.java:27)
at Pages.HomePage.<init>(HomePage.java:27)
at Pages.HomePage.<init>(HomePage.java:27)
at Pages.HomePage.<init>(HomePage.java:27)
at Pages.HomePage.<init>(HomePage.java:27)
at Pages.HomePage.<init>(HomePage.java:27)
at Pages.HomePage.<init>(HomePage.java:27)
at Pages.HomePage.<init>(HomePage.java:27)
at Pages.HomePage.<init>(HomePage.java:27)
at Pages.HomePage.<init>(HomePage.java:27)
at Pages.HomePage.<init>(HomePage.java:27)
at Pages.HomePage.<init>(HomePage.java:27)
at Pages.HomePage.<init>(HomePage.java:27)
at Pages.HomePage.<init>(HomePage.java:27)
at Pages.HomePage.<init>(HomePage.java:27)
at Pages.HomePage.<init>(HomePage.java:27)
at Pages.HomePage.<init>(HomePage.java:27)
at Pages.HomePage.<init>(HomePage.java:27)
at Pages.HomePage.<init>(HomePage.java:27)
at Pages.HomePage.<init>(HomePage.java:27)
at Pages.HomePage.<init>(HomePage.java:27)
at Pages.HomePage.<init>(HomePage.java:27)
at Pages.HomePage.<init>(HomePage.java:27)
at Pages.HomePage.<init>(HomePage.java:27)
at Pages.HomePage.<init>(HomePage.java:27)
at Pages.HomePage.<init>(HomePage.java:27)
at Pages.HomePage.<init>(HomePage.java:27)
at Pages.HomePage.<init>(HomePage.java:27)
]]>
    </failure>
  </testcase> <!-- clickOnImages -->
</testsuite> <!-- Default test -->
