<?xml version="1.0" encoding="UTF-8"?>
<!-- Generated by org.testng.reporters.JUnitXMLReporter -->
<testsuite hostname="ME-D-0015" ignored="0" name="Test" tests="5" failures="0" timestamp="27 Aug 2019 02:25:08 GMT" time="18.43" errors="0">
  <testcase name="ClickOnPageObject" time="0.134" classname="MavenProject.Maven.HomePagetTest"/>
  <testcase name="SwitchToChildWindow" time="4.055" classname="MavenProject.Maven.HomePagetTest"/>
  <testcase name="clickOnFindOutMore" time="0.082" classname="MavenProject.Maven.HomePagetTest"/>
  <testcase name="clickOnAlterCloseButton" time="0.695" classname="MavenProject.Maven.HomePagetTest"/>
  <testcase name="SwitchToParentWindow" time="0.027" classname="MavenProject.Maven.HomePagetTest"/>
</testsuite> <!-- Test -->
