<?xml version="1.0" encoding="UTF-8"?>
<testng-results skipped="0" failed="1" ignored="0" total="1" passed="0">
  <reporter-output>
  </reporter-output>
  <suite name="Default suite" duration-ms="11076" started-at="2019-08-26T05:08:54Z" finished-at="2019-08-26T05:09:05Z">
    <groups>
    </groups>
    <test name="Default test" duration-ms="11076" started-at="2019-08-26T05:08:54Z" finished-at="2019-08-26T05:09:05Z">
      <class name="MavenProject.Maven.HomePagetTest">
        <test-method status="PASS" signature="openBrowser()[pri:0, instance:MavenProject.Maven.HomePagetTest@69ea3742]" name="openBrowser" is-config="true" duration-ms="11033" started-at="2019-08-26T05:08:54Z" finished-at="2019-08-26T05:09:05Z">
          <reporter-output>
          </reporter-output>
        </test-method> <!-- openBrowser -->
        <test-method status="FAIL" signature="clickOnImages()[pri:0, instance:MavenProject.Maven.HomePagetTest@69ea3742]" name="clickOnImages" duration-ms="7" started-at="2019-08-26T05:09:05Z" finished-at="2019-08-26T05:09:05Z">
          <exception class="java.lang.StackOverflowError">
            <full-stacktrace>
              <![CDATA[java.lang.StackOverflowError
at Pages.HomePage.<init>(HomePage.java:27)
at Pages.HomePage.<init>(HomePage.java:27)
at Pages.HomePage.<init>(HomePage.java:27)
at Pages.HomePage.<init>(HomePage.java:27)
at Pages.HomePage.<init>(HomePage.java:27)
at Pages.HomePage.<init>(HomePage.java:27)
at Pages.HomePage.<init>(HomePage.java:27)
at Pages.HomePage.<init>(HomePage.java:27)
at Pages.HomePage.<init>(HomePage.java:27)
at Pages.HomePage.<init>(HomePage.java:27)
at Pages.HomePage.<init>(HomePage.java:27)
at Pages.HomePage.<init>(HomePage.java:27)
at Pages.HomePage.<init>(HomePage.java:27)
at Pages.HomePage.<init>(HomePage.java:27)
at Pages.HomePage.<init>(HomePage.java:27)
at Pages.HomePage.<init>(HomePage.java:27)
at Pages.HomePage.<init>(HomePage.java:27)
at Pages.HomePage.<init>(HomePage.java:27)
at Pages.HomePage.<init>(HomePage.java:27)
at Pages.HomePage.<init>(HomePage.java:27)
at Pages.HomePage.<init>(HomePage.java:27)
at Pages.HomePage.<init>(HomePage.java:27)
at Pages.HomePage.<init>(HomePage.java:27)
at Pages.HomePage.<init>(HomePage.java:27)
at Pages.HomePage.<init>(HomePage.java:27)
at Pages.HomePage.<init>(HomePage.java:27)
at Pages.HomePage.<init>(HomePage.java:27)
at Pages.HomePage.<init>(HomePage.java:27)
at Pages.HomePage.<init>(HomePage.java:27)
at Pages.HomePage.<init>(HomePage.java:27)
at Pages.HomePage.<init>(HomePage.java:27)
at Pages.HomePage.<init>(HomePage.java:27)
at Pages.HomePage.<init>(HomePage.java:27)
at Pages.HomePage.<init>(HomePage.java:27)
at Pages.HomePage.<init>(HomePage.java:27)
at Pages.HomePage.<init>(HomePage.java:27)
at Pages.HomePage.<init>(HomePage.java:27)
at Pages.HomePage.<init>(HomePage.java:27)
at Pages.HomePage.<init>(HomePage.java:27)
at Pages.HomePage.<init>(HomePage.java:27)
at Pages.HomePage.<init>(HomePage.java:27)
at Pages.HomePage.<init>(HomePage.java:27)
at Pages.HomePage.<init>(HomePage.java:27)
at Pages.HomePage.<init>(HomePage.java:27)
at Pages.HomePage.<init>(HomePage.java:27)
at Pages.HomePage.<init>(HomePage.java:27)
at Pages.HomePage.<init>(HomePage.java:27)
at Pages.HomePage.<init>(HomePage.java:27)
at Pages.HomePage.<init>(HomePage.java:27)
at Pages.HomePage.<init>(HomePage.java:27)
at Pages.HomePage.<init>(HomePage.java:27)
at Pages.HomePage.<init>(HomePage.java:27)
at Pages.HomePage.<init>(HomePage.java:27)
at Pages.HomePage.<init>(HomePage.java:27)
at Pages.HomePage.<init>(HomePage.java:27)
at Pages.HomePage.<init>(HomePage.java:27)
at Pages.HomePage.<init>(HomePage.java:27)
at Pages.HomePage.<init>(HomePage.java:27)
at Pages.HomePage.<init>(HomePage.java:27)
at Pages.HomePage.<init>(HomePage.java:27)
at Pages.HomePage.<init>(HomePage.java:27)
at Pages.HomePage.<init>(HomePage.java:27)
at Pages.HomePage.<init>(HomePage.java:27)
at Pages.HomePage.<init>(HomePage.java:27)
at Pages.HomePage.<init>(HomePage.java:27)
at Pages.HomePage.<init>(HomePage.java:27)
at Pages.HomePage.<init>(HomePage.java:27)
at Pages.HomePage.<init>(HomePage.java:27)
at Pages.HomePage.<init>(HomePage.java:27)
at Pages.HomePage.<init>(HomePage.java:27)
at Pages.HomePage.<init>(HomePage.java:27)
at Pages.HomePage.<init>(HomePage.java:27)
at Pages.HomePage.<init>(HomePage.java:27)
at Pages.HomePage.<init>(HomePage.java:27)
at Pages.HomePage.<init>(HomePage.java:27)
at Pages.HomePage.<init>(HomePage.java:27)
at Pages.HomePage.<init>(HomePage.java:27)
at Pages.HomePage.<init>(HomePage.java:27)
at Pages.HomePage.<init>(HomePage.java:27)
at Pages.HomePage.<init>(HomePage.java:27)
at Pages.HomePage.<init>(HomePage.java:27)
at Pages.HomePage.<init>(HomePage.java:27)
at Pages.HomePage.<init>(HomePage.java:27)
at Pages.HomePage.<init>(HomePage.java:27)
at Pages.HomePage.<init>(HomePage.java:27)
at Pages.HomePage.<init>(HomePage.java:27)
at Pages.HomePage.<init>(HomePage.java:27)
at Pages.HomePage.<init>(HomePage.java:27)
at Pages.HomePage.<init>(HomePage.java:27)
at Pages.HomePage.<init>(HomePage.java:27)
at Pages.HomePage.<init>(HomePage.java:27)
at Pages.HomePage.<init>(HomePage.java:27)
at Pages.HomePage.<init>(HomePage.java:27)
at Pages.HomePage.<init>(HomePage.java:27)
at Pages.HomePage.<init>(HomePage.java:27)
at Pages.HomePage.<init>(HomePage.java:27)
at Pages.HomePage.<init>(HomePage.java:27)
at Pages.HomePage.<init>(HomePage.java:27)
at Pages.HomePage.<init>(HomePage.java:27)
at Pages.HomePage.<init>(HomePage.java:27)
at Pages.HomePage.<init>(HomePage.java:27)
at Pages.HomePage.<init>(HomePage.java:27)
at Pages.HomePage.<init>(HomePage.java:27)
at Pages.HomePage.<init>(HomePage.java:27)
at Pages.HomePage.<init>(HomePage.java:27)
at Pages.HomePage.<init>(HomePage.java:27)
at Pages.HomePage.<init>(HomePage.java:27)
at Pages.HomePage.<init>(HomePage.java:27)
at Pages.HomePage.<init>(HomePage.java:27)
at Pages.HomePage.<init>(HomePage.java:27)
at Pages.HomePage.<init>(HomePage.java:27)
at Pages.HomePage.<init>(HomePage.java:27)
at Pages.HomePage.<init>(HomePage.java:27)
at Pages.HomePage.<init>(HomePage.java:27)
at Pages.HomePage.<init>(HomePage.java:27)
at Pages.HomePage.<init>(HomePage.java:27)
at Pages.HomePage.<init>(HomePage.java:27)
at Pages.HomePage.<init>(HomePage.java:27)
at Pages.HomePage.<init>(HomePage.java:27)
at Pages.HomePage.<init>(HomePage.java:27)
at Pages.HomePage.<init>(HomePage.java:27)
at Pages.HomePage.<init>(HomePage.java:27)
at Pages.HomePage.<init>(HomePage.java:27)
at Pages.HomePage.<init>(HomePage.java:27)
at Pages.HomePage.<init>(HomePage.java:27)
at Pages.HomePage.<init>(HomePage.java:27)
at Pages.HomePage.<init>(HomePage.java:27)
at Pages.HomePage.<init>(HomePage.java:27)
at Pages.HomePage.<init>(HomePage.java:27)
at Pages.HomePage.<init>(HomePage.java:27)
at Pages.HomePage.<init>(HomePage.java:27)
at Pages.HomePage.<init>(HomePage.java:27)
at Pages.HomePage.<init>(HomePage.java:27)
at Pages.HomePage.<init>(HomePage.java:27)
at Pages.HomePage.<init>(HomePage.java:27)
at Pages.HomePage.<init>(HomePage.java:27)
at Pages.HomePage.<init>(HomePage.java:27)
at Pages.HomePage.<init>(HomePage.java:27)
at Pages.HomePage.<init>(HomePage.java:27)
at Pages.HomePage.<init>(HomePage.java:27)
at Pages.HomePage.<init>(HomePage.java:27)
at Pages.HomePage.<init>(HomePage.java:27)
at Pages.HomePage.<init>(HomePage.java:27)
at Pages.HomePage.<init>(HomePage.java:27)
at Pages.HomePage.<init>(HomePage.java:27)
at Pages.HomePage.<init>(HomePage.java:27)
at Pages.HomePage.<init>(HomePage.java:27)
at Pages.HomePage.<init>(HomePage.java:27)
at Pages.HomePage.<init>(HomePage.java:27)
at Pages.HomePage.<init>(HomePage.java:27)
at Pages.HomePage.<init>(HomePage.java:27)
at Pages.HomePage.<init>(HomePage.java:27)
at Pages.HomePage.<init>(HomePage.java:27)
at Pages.HomePage.<init>(HomePage.java:27)
at Pages.HomePage.<init>(HomePage.java:27)
at Pages.HomePage.<init>(HomePage.java:27)
at Pages.HomePage.<init>(HomePage.java:27)
at Pages.HomePage.<init>(HomePage.java:27)
at Pages.HomePage.<init>(HomePage.java:27)
at Pages.HomePage.<init>(HomePage.java:27)
at Pages.HomePage.<init>(HomePage.java:27)
at Pages.HomePage.<init>(HomePage.java:27)
at Pages.HomePage.<init>(HomePage.java:27)
at Pages.HomePage.<init>(HomePage.java:27)
at Pages.HomePage.<init>(HomePage.java:27)
at Pages.HomePage.<init>(HomePage.java:27)
at Pages.HomePage.<init>(HomePage.java:27)
at Pages.HomePage.<init>(HomePage.java:27)
at Pages.HomePage.<init>(HomePage.java:27)
at Pages.HomePage.<init>(HomePage.java:27)
at Pages.HomePage.<init>(HomePage.java:27)
at Pages.HomePage.<init>(HomePage.java:27)
at Pages.HomePage.<init>(HomePage.java:27)
at Pages.HomePage.<init>(HomePage.java:27)
at Pages.HomePage.<init>(HomePage.java:27)
at Pages.HomePage.<init>(HomePage.java:27)
at Pages.HomePage.<init>(HomePage.java:27)
at Pages.HomePage.<init>(HomePage.java:27)
at Pages.HomePage.<init>(HomePage.java:27)
at Pages.HomePage.<init>(HomePage.java:27)
at Pages.HomePage.<init>(HomePage.java:27)
at Pages.HomePage.<init>(HomePage.java:27)
at Pages.HomePage.<init>(HomePage.java:27)
at Pages.HomePage.<init>(HomePage.java:27)
at Pages.HomePage.<init>(HomePage.java:27)
at Pages.HomePage.<init>(HomePage.java:27)
at Pages.HomePage.<init>(HomePage.java:27)
at Pages.HomePage.<init>(HomePage.java:27)
at Pages.HomePage.<init>(HomePage.java:27)
at Pages.HomePage.<init>(HomePage.java:27)
at Pages.HomePage.<init>(HomePage.java:27)
at Pages.HomePage.<init>(HomePage.java:27)
at Pages.HomePage.<init>(HomePage.java:27)
at Pages.HomePage.<init>(HomePage.java:27)
at Pages.HomePage.<init>(HomePage.java:27)
at Pages.HomePage.<init>(HomePage.java:27)
at Pages.HomePage.<init>(HomePage.java:27)
at Pages.HomePage.<init>(HomePage.java:27)
at Pages.HomePage.<init>(HomePage.java:27)
at Pages.HomePage.<init>(HomePage.java:27)
at Pages.HomePage.<init>(HomePage.java:27)
at Pages.HomePage.<init>(HomePage.java:27)
at Pages.HomePage.<init>(HomePage.java:27)
at Pages.HomePage.<init>(HomePage.java:27)
at Pages.HomePage.<init>(HomePage.java:27)
at Pages.HomePage.<init>(HomePage.java:27)
at Pages.HomePage.<init>(HomePage.java:27)
at Pages.HomePage.<init>(HomePage.java:27)
at Pages.HomePage.<init>(HomePage.java:27)
at Pages.HomePage.<init>(HomePage.java:27)
at Pages.HomePage.<init>(HomePage.java:27)
at Pages.HomePage.<init>(HomePage.java:27)
at Pages.HomePage.<init>(HomePage.java:27)
at Pages.HomePage.<init>(HomePage.java:27)
at Pages.HomePage.<init>(HomePage.java:27)
at Pages.HomePage.<init>(HomePage.java:27)
at Pages.HomePage.<init>(HomePage.java:27)
at Pages.HomePage.<init>(HomePage.java:27)
at Pages.HomePage.<init>(HomePage.java:27)
at Pages.HomePage.<init>(HomePage.java:27)
at Pages.HomePage.<init>(HomePage.java:27)
at Pages.HomePage.<init>(HomePage.java:27)
at Pages.HomePage.<init>(HomePage.java:27)
at Pages.HomePage.<init>(HomePage.java:27)
at Pages.HomePage.<init>(HomePage.java:27)
at Pages.HomePage.<init>(HomePage.java:27)
at Pages.HomePage.<init>(HomePage.java:27)
at Pages.HomePage.<init>(HomePage.java:27)
at Pages.HomePage.<init>(HomePage.java:27)
at Pages.HomePage.<init>(HomePage.java:27)
at Pages.HomePage.<init>(HomePage.java:27)
at Pages.HomePage.<init>(HomePage.java:27)
at Pages.HomePage.<init>(HomePage.java:27)
at Pages.HomePage.<init>(HomePage.java:27)
at Pages.HomePage.<init>(HomePage.java:27)
at Pages.HomePage.<init>(HomePage.java:27)
at Pages.HomePage.<init>(HomePage.java:27)
at Pages.HomePage.<init>(HomePage.java:27)
at Pages.HomePage.<init>(HomePage.java:27)
at Pages.HomePage.<init>(HomePage.java:27)
at Pages.HomePage.<init>(HomePage.java:27)
at Pages.HomePage.<init>(HomePage.java:27)
at Pages.HomePage.<init>(HomePage.java:27)
at Pages.HomePage.<init>(HomePage.java:27)
at Pages.HomePage.<init>(HomePage.java:27)
at Pages.HomePage.<init>(HomePage.java:27)
at Pages.HomePage.<init>(HomePage.java:27)
at Pages.HomePage.<init>(HomePage.java:27)
at Pages.HomePage.<init>(HomePage.java:27)
at Pages.HomePage.<init>(HomePage.java:27)
at Pages.HomePage.<init>(HomePage.java:27)
at Pages.HomePage.<init>(HomePage.java:27)
at Pages.HomePage.<init>(HomePage.java:27)
at Pages.HomePage.<init>(HomePage.java:27)
at Pages.HomePage.<init>(HomePage.java:27)
at Pages.HomePage.<init>(HomePage.java:27)
at Pages.HomePage.<init>(HomePage.java:27)
at Pages.HomePage.<init>(HomePage.java:27)
at Pages.HomePage.<init>(HomePage.java:27)
at Pages.HomePage.<init>(HomePage.java:27)
at Pages.HomePage.<init>(HomePage.java:27)
at Pages.HomePage.<init>(HomePage.java:27)
at Pages.HomePage.<init>(HomePage.java:27)
at Pages.HomePage.<init>(HomePage.java:27)
at Pages.HomePage.<init>(HomePage.java:27)
at Pages.HomePage.<init>(HomePage.java:27)
at Pages.HomePage.<init>(HomePage.java:27)
at Pages.HomePage.<init>(HomePage.java:27)
at Pages.HomePage.<init>(HomePage.java:27)
at Pages.HomePage.<init>(HomePage.java:27)
at Pages.HomePage.<init>(HomePage.java:27)
at Pages.HomePage.<init>(HomePage.java:27)
at Pages.HomePage.<init>(HomePage.java:27)
at Pages.HomePage.<init>(HomePage.java:27)
at Pages.HomePage.<init>(HomePage.java:27)
at Pages.HomePage.<init>(HomePage.java:27)
at Pages.HomePage.<init>(HomePage.java:27)
at Pages.HomePage.<init>(HomePage.java:27)
at Pages.HomePage.<init>(HomePage.java:27)
at Pages.HomePage.<init>(HomePage.java:27)
at Pages.HomePage.<init>(HomePage.java:27)
at Pages.HomePage.<init>(HomePage.java:27)
at Pages.HomePage.<init>(HomePage.java:27)
at Pages.HomePage.<init>(HomePage.java:27)
at Pages.HomePage.<init>(HomePage.java:27)
at Pages.HomePage.<init>(HomePage.java:27)
at Pages.HomePage.<init>(HomePage.java:27)
at Pages.HomePage.<init>(HomePage.java:27)
at Pages.HomePage.<init>(HomePage.java:27)
at Pages.HomePage.<init>(HomePage.java:27)
at Pages.HomePage.<init>(HomePage.java:27)
at Pages.HomePage.<init>(HomePage.java:27)
at Pages.HomePage.<init>(HomePage.java:27)
at Pages.HomePage.<init>(HomePage.java:27)
at Pages.HomePage.<init>(HomePage.java:27)
at Pages.HomePage.<init>(HomePage.java:27)
at Pages.HomePage.<init>(HomePage.java:27)
at Pages.HomePage.<init>(HomePage.java:27)
at Pages.HomePage.<init>(HomePage.java:27)
at Pages.HomePage.<init>(HomePage.java:27)
at Pages.HomePage.<init>(HomePage.java:27)
at Pages.HomePage.<init>(HomePage.java:27)
at Pages.HomePage.<init>(HomePage.java:27)
at Pages.HomePage.<init>(HomePage.java:27)
at Pages.HomePage.<init>(HomePage.java:27)
at Pages.HomePage.<init>(HomePage.java:27)
at Pages.HomePage.<init>(HomePage.java:27)
at Pages.HomePage.<init>(HomePage.java:27)
at Pages.HomePage.<init>(HomePage.java:27)
at Pages.HomePage.<init>(HomePage.java:27)
at Pages.HomePage.<init>(HomePage.java:27)
at Pages.HomePage.<init>(HomePage.java:27)
at Pages.HomePage.<init>(HomePage.java:27)
at Pages.HomePage.<init>(HomePage.java:27)
at Pages.HomePage.<init>(HomePage.java:27)
at Pages.HomePage.<init>(HomePage.java:27)
at Pages.HomePage.<init>(HomePage.java:27)
at Pages.HomePage.<init>(HomePage.java:27)
at Pages.HomePage.<init>(HomePage.java:27)
at Pages.HomePage.<init>(HomePage.java:27)
at Pages.HomePage.<init>(HomePage.java:27)
at Pages.HomePage.<init>(HomePage.java:27)
at Pages.HomePage.<init>(HomePage.java:27)
at Pages.HomePage.<init>(HomePage.java:27)
at Pages.HomePage.<init>(HomePage.java:27)
at Pages.HomePage.<init>(HomePage.java:27)
at Pages.HomePage.<init>(HomePage.java:27)
at Pages.HomePage.<init>(HomePage.java:27)
at Pages.HomePage.<init>(HomePage.java:27)
at Pages.HomePage.<init>(HomePage.java:27)
at Pages.HomePage.<init>(HomePage.java:27)
at Pages.HomePage.<init>(HomePage.java:27)
at Pages.HomePage.<init>(HomePage.java:27)
at Pages.HomePage.<init>(HomePage.java:27)
at Pages.HomePage.<init>(HomePage.java:27)
at Pages.HomePage.<init>(HomePage.java:27)
at Pages.HomePage.<init>(HomePage.java:27)
at Pages.HomePage.<init>(HomePage.java:27)
at Pages.HomePage.<init>(HomePage.java:27)
at Pages.HomePage.<init>(HomePage.java:27)
at Pages.HomePage.<init>(HomePage.java:27)
at Pages.HomePage.<init>(HomePage.java:27)
at Pages.HomePage.<init>(HomePage.java:27)
at Pages.HomePage.<init>(HomePage.java:27)
at Pages.HomePage.<init>(HomePage.java:27)
at Pages.HomePage.<init>(HomePage.java:27)
at Pages.HomePage.<init>(HomePage.java:27)
at Pages.HomePage.<init>(HomePage.java:27)
at Pages.HomePage.<init>(HomePage.java:27)
at Pages.HomePage.<init>(HomePage.java:27)
at Pages.HomePage.<init>(HomePage.java:27)
at Pages.HomePage.<init>(HomePage.java:27)
at Pages.HomePage.<init>(HomePage.java:27)
at Pages.HomePage.<init>(HomePage.java:27)
at Pages.HomePage.<init>(HomePage.java:27)
at Pages.HomePage.<init>(HomePage.java:27)
at Pages.HomePage.<init>(HomePage.java:27)
at Pages.HomePage.<init>(HomePage.java:27)
at Pages.HomePage.<init>(HomePage.java:27)
at Pages.HomePage.<init>(HomePage.java:27)
at Pages.HomePage.<init>(HomePage.java:27)
at Pages.HomePage.<init>(HomePage.java:27)
at Pages.HomePage.<init>(HomePage.java:27)
at Pages.HomePage.<init>(HomePage.java:27)
at Pages.HomePage.<init>(HomePage.java:27)
at Pages.HomePage.<init>(HomePage.java:27)
at Pages.HomePage.<init>(HomePage.java:27)
at Pages.HomePage.<init>(HomePage.java:27)
at Pages.HomePage.<init>(HomePage.java:27)
at Pages.HomePage.<init>(HomePage.java:27)
at Pages.HomePage.<init>(HomePage.java:27)
at Pages.HomePage.<init>(HomePage.java:27)
at Pages.HomePage.<init>(HomePage.java:27)
at Pages.HomePage.<init>(HomePage.java:27)
at Pages.HomePage.<init>(HomePage.java:27)
at Pages.HomePage.<init>(HomePage.java:27)
at Pages.HomePage.<init>(HomePage.java:27)
at Pages.HomePage.<init>(HomePage.java:27)
at Pages.HomePage.<init>(HomePage.java:27)
at Pages.HomePage.<init>(HomePage.java:27)
at Pages.HomePage.<init>(HomePage.java:27)
at Pages.HomePage.<init>(HomePage.java:27)
at Pages.HomePage.<init>(HomePage.java:27)
at Pages.HomePage.<init>(HomePage.java:27)
at Pages.HomePage.<init>(HomePage.java:27)
at Pages.HomePage.<init>(HomePage.java:27)
at Pages.HomePage.<init>(HomePage.java:27)
at Pages.HomePage.<init>(HomePage.java:27)
at Pages.HomePage.<init>(HomePage.java:27)
at Pages.HomePage.<init>(HomePage.java:27)
at Pages.HomePage.<init>(HomePage.java:27)
at Pages.HomePage.<init>(HomePage.java:27)
at Pages.HomePage.<init>(HomePage.java:27)
at Pages.HomePage.<init>(HomePage.java:27)
at Pages.HomePage.<init>(HomePage.java:27)
at Pages.HomePage.<init>(HomePage.java:27)
at Pages.HomePage.<init>(HomePage.java:27)
at Pages.HomePage.<init>(HomePage.java:27)
at Pages.HomePage.<init>(HomePage.java:27)
at Pages.HomePage.<init>(HomePage.java:27)
at Pages.HomePage.<init>(HomePage.java:27)
at Pages.HomePage.<init>(HomePage.java:27)
at Pages.HomePage.<init>(HomePage.java:27)
at Pages.HomePage.<init>(HomePage.java:27)
at Pages.HomePage.<init>(HomePage.java:27)
at Pages.HomePage.<init>(HomePage.java:27)
at Pages.HomePage.<init>(HomePage.java:27)
at Pages.HomePage.<init>(HomePage.java:27)
at Pages.HomePage.<init>(HomePage.java:27)
at Pages.HomePage.<init>(HomePage.java:27)
at Pages.HomePage.<init>(HomePage.java:27)
at Pages.HomePage.<init>(HomePage.java:27)
at Pages.HomePage.<init>(HomePage.java:27)
at Pages.HomePage.<init>(HomePage.java:27)
at Pages.HomePage.<init>(HomePage.java:27)
at Pages.HomePage.<init>(HomePage.java:27)
at Pages.HomePage.<init>(HomePage.java:27)
at Pages.HomePage.<init>(HomePage.java:27)
at Pages.HomePage.<init>(HomePage.java:27)
at Pages.HomePage.<init>(HomePage.java:27)
at Pages.HomePage.<init>(HomePage.java:27)
at Pages.HomePage.<init>(HomePage.java:27)
at Pages.HomePage.<init>(HomePage.java:27)
at Pages.HomePage.<init>(HomePage.java:27)
at Pages.HomePage.<init>(HomePage.java:27)
at Pages.HomePage.<init>(HomePage.java:27)
at Pages.HomePage.<init>(HomePage.java:27)
at Pages.HomePage.<init>(HomePage.java:27)
at Pages.HomePage.<init>(HomePage.java:27)
at Pages.HomePage.<init>(HomePage.java:27)
at Pages.HomePage.<init>(HomePage.java:27)
at Pages.HomePage.<init>(HomePage.java:27)
at Pages.HomePage.<init>(HomePage.java:27)
at Pages.HomePage.<init>(HomePage.java:27)
at Pages.HomePage.<init>(HomePage.java:27)
at Pages.HomePage.<init>(HomePage.java:27)
at Pages.HomePage.<init>(HomePage.java:27)
at Pages.HomePage.<init>(HomePage.java:27)
at Pages.HomePage.<init>(HomePage.java:27)
at Pages.HomePage.<init>(HomePage.java:27)
at Pages.HomePage.<init>(HomePage.java:27)
at Pages.HomePage.<init>(HomePage.java:27)
at Pages.HomePage.<init>(HomePage.java:27)
at Pages.HomePage.<init>(HomePage.java:27)
at Pages.HomePage.<init>(HomePage.java:27)
at Pages.HomePage.<init>(HomePage.java:27)
at Pages.HomePage.<init>(HomePage.java:27)
at Pages.HomePage.<init>(HomePage.java:27)
at Pages.HomePage.<init>(HomePage.java:27)
at Pages.HomePage.<init>(HomePage.java:27)
at Pages.HomePage.<init>(HomePage.java:27)
at Pages.HomePage.<init>(HomePage.java:27)
at Pages.HomePage.<init>(HomePage.java:27)
at Pages.HomePage.<init>(HomePage.java:27)
at Pages.HomePage.<init>(HomePage.java:27)
at Pages.HomePage.<init>(HomePage.java:27)
at Pages.HomePage.<init>(HomePage.java:27)
at Pages.HomePage.<init>(HomePage.java:27)
at Pages.HomePage.<init>(HomePage.java:27)
at Pages.HomePage.<init>(HomePage.java:27)
at Pages.HomePage.<init>(HomePage.java:27)
at Pages.HomePage.<init>(HomePage.java:27)
at Pages.HomePage.<init>(HomePage.java:27)
at Pages.HomePage.<init>(HomePage.java:27)
at Pages.HomePage.<init>(HomePage.java:27)
at Pages.HomePage.<init>(HomePage.java:27)
at Pages.HomePage.<init>(HomePage.java:27)
at Pages.HomePage.<init>(HomePage.java:27)
at Pages.HomePage.<init>(HomePage.java:27)
at Pages.HomePage.<init>(HomePage.java:27)
at Pages.HomePage.<init>(HomePage.java:27)
at Pages.HomePage.<init>(HomePage.java:27)
at Pages.HomePage.<init>(HomePage.java:27)
at Pages.HomePage.<init>(HomePage.java:27)
at Pages.HomePage.<init>(HomePage.java:27)
at Pages.HomePage.<init>(HomePage.java:27)
at Pages.HomePage.<init>(HomePage.java:27)
at Pages.HomePage.<init>(HomePage.java:27)
at Pages.HomePage.<init>(HomePage.java:27)
at Pages.HomePage.<init>(HomePage.java:27)
at Pages.HomePage.<init>(HomePage.java:27)
at Pages.HomePage.<init>(HomePage.java:27)
at Pages.HomePage.<init>(HomePage.java:27)
at Pages.HomePage.<init>(HomePage.java:27)
at Pages.HomePage.<init>(HomePage.java:27)
at Pages.HomePage.<init>(HomePage.java:27)
at Pages.HomePage.<init>(HomePage.java:27)
at Pages.HomePage.<init>(HomePage.java:27)
at Pages.HomePage.<init>(HomePage.java:27)
at Pages.HomePage.<init>(HomePage.java:27)
at Pages.HomePage.<init>(HomePage.java:27)
at Pages.HomePage.<init>(HomePage.java:27)
at Pages.HomePage.<init>(HomePage.java:27)
at Pages.HomePage.<init>(HomePage.java:27)
at Pages.HomePage.<init>(HomePage.java:27)
at Pages.HomePage.<init>(HomePage.java:27)
at Pages.HomePage.<init>(HomePage.java:27)
at Pages.HomePage.<init>(HomePage.java:27)
at Pages.HomePage.<init>(HomePage.java:27)
at Pages.HomePage.<init>(HomePage.java:27)
at Pages.HomePage.<init>(HomePage.java:27)
at Pages.HomePage.<init>(HomePage.java:27)
at Pages.HomePage.<init>(HomePage.java:27)
at Pages.HomePage.<init>(HomePage.java:27)
at Pages.HomePage.<init>(HomePage.java:27)
at Pages.HomePage.<init>(HomePage.java:27)
at Pages.HomePage.<init>(HomePage.java:27)
at Pages.HomePage.<init>(HomePage.java:27)
at Pages.HomePage.<init>(HomePage.java:27)
at Pages.HomePage.<init>(HomePage.java:27)
at Pages.HomePage.<init>(HomePage.java:27)
at Pages.HomePage.<init>(HomePage.java:27)
at Pages.HomePage.<init>(HomePage.java:27)
at Pages.HomePage.<init>(HomePage.java:27)
at Pages.HomePage.<init>(HomePage.java:27)
at Pages.HomePage.<init>(HomePage.java:27)
at Pages.HomePage.<init>(HomePage.java:27)
at Pages.HomePage.<init>(HomePage.java:27)
at Pages.HomePage.<init>(HomePage.java:27)
at Pages.HomePage.<init>(HomePage.java:27)
at Pages.HomePage.<init>(HomePage.java:27)
at Pages.HomePage.<init>(HomePage.java:27)
at Pages.HomePage.<init>(HomePage.java:27)
at Pages.HomePage.<init>(HomePage.java:27)
at Pages.HomePage.<init>(HomePage.java:27)
at Pages.HomePage.<init>(HomePage.java:27)
at Pages.HomePage.<init>(HomePage.java:27)
at Pages.HomePage.<init>(HomePage.java:27)
at Pages.HomePage.<init>(HomePage.java:27)
at Pages.HomePage.<init>(HomePage.java:27)
at Pages.HomePage.<init>(HomePage.java:27)
at Pages.HomePage.<init>(HomePage.java:27)
at Pages.HomePage.<init>(HomePage.java:27)
at Pages.HomePage.<init>(HomePage.java:27)
at Pages.HomePage.<init>(HomePage.java:27)
at Pages.HomePage.<init>(HomePage.java:27)
at Pages.HomePage.<init>(HomePage.java:27)
at Pages.HomePage.<init>(HomePage.java:27)
at Pages.HomePage.<init>(HomePage.java:27)
at Pages.HomePage.<init>(HomePage.java:27)
at Pages.HomePage.<init>(HomePage.java:27)
at Pages.HomePage.<init>(HomePage.java:27)
at Pages.HomePage.<init>(HomePage.java:27)
at Pages.HomePage.<init>(HomePage.java:27)
at Pages.HomePage.<init>(HomePage.java:27)
at Pages.HomePage.<init>(HomePage.java:27)
at Pages.HomePage.<init>(HomePage.java:27)
at Pages.HomePage.<init>(HomePage.java:27)
at Pages.HomePage.<init>(HomePage.java:27)
at Pages.HomePage.<init>(HomePage.java:27)
at Pages.HomePage.<init>(HomePage.java:27)
at Pages.HomePage.<init>(HomePage.java:27)
at Pages.HomePage.<init>(HomePage.java:27)
at Pages.HomePage.<init>(HomePage.java:27)
at Pages.HomePage.<init>(HomePage.java:27)
at Pages.HomePage.<init>(HomePage.java:27)
at Pages.HomePage.<init>(HomePage.java:27)
at Pages.HomePage.<init>(HomePage.java:27)
at Pages.HomePage.<init>(HomePage.java:27)
at Pages.HomePage.<init>(HomePage.java:27)
at Pages.HomePage.<init>(HomePage.java:27)
at Pages.HomePage.<init>(HomePage.java:27)
at Pages.HomePage.<init>(HomePage.java:27)
at Pages.HomePage.<init>(HomePage.java:27)
at Pages.HomePage.<init>(HomePage.java:27)
at Pages.HomePage.<init>(HomePage.java:27)
at Pages.HomePage.<init>(HomePage.java:27)
at Pages.HomePage.<init>(HomePage.java:27)
at Pages.HomePage.<init>(HomePage.java:27)
at Pages.HomePage.<init>(HomePage.java:27)
at Pages.HomePage.<init>(HomePage.java:27)
at Pages.HomePage.<init>(HomePage.java:27)
at Pages.HomePage.<init>(HomePage.java:27)
at Pages.HomePage.<init>(HomePage.java:27)
at Pages.HomePage.<init>(HomePage.java:27)
at Pages.HomePage.<init>(HomePage.java:27)
at Pages.HomePage.<init>(HomePage.java:27)
at Pages.HomePage.<init>(HomePage.java:27)
at Pages.HomePage.<init>(HomePage.java:27)
at Pages.HomePage.<init>(HomePage.java:27)
at Pages.HomePage.<init>(HomePage.java:27)
at Pages.HomePage.<init>(HomePage.java:27)
at Pages.HomePage.<init>(HomePage.java:27)
at Pages.HomePage.<init>(HomePage.java:27)
at Pages.HomePage.<init>(HomePage.java:27)
at Pages.HomePage.<init>(HomePage.java:27)
at Pages.HomePage.<init>(HomePage.java:27)
at Pages.HomePage.<init>(HomePage.java:27)
at Pages.HomePage.<init>(HomePage.java:27)
at Pages.HomePage.<init>(HomePage.java:27)
at Pages.HomePage.<init>(HomePage.java:27)
at Pages.HomePage.<init>(HomePage.java:27)
at Pages.HomePage.<init>(HomePage.java:27)
at Pages.HomePage.<init>(HomePage.java:27)
at Pages.HomePage.<init>(HomePage.java:27)
at Pages.HomePage.<init>(HomePage.java:27)
at Pages.HomePage.<init>(HomePage.java:27)
at Pages.HomePage.<init>(HomePage.java:27)
at Pages.HomePage.<init>(HomePage.java:27)
at Pages.HomePage.<init>(HomePage.java:27)
at Pages.HomePage.<init>(HomePage.java:27)
at Pages.HomePage.<init>(HomePage.java:27)
at Pages.HomePage.<init>(HomePage.java:27)
at Pages.HomePage.<init>(HomePage.java:27)
at Pages.HomePage.<init>(HomePage.java:27)
at Pages.HomePage.<init>(HomePage.java:27)
at Pages.HomePage.<init>(HomePage.java:27)
at Pages.HomePage.<init>(HomePage.java:27)
at Pages.HomePage.<init>(HomePage.java:27)
at Pages.HomePage.<init>(HomePage.java:27)
at Pages.HomePage.<init>(HomePage.java:27)
at Pages.HomePage.<init>(HomePage.java:27)
at Pages.HomePage.<init>(HomePage.java:27)
at Pages.HomePage.<init>(HomePage.java:27)
at Pages.HomePage.<init>(HomePage.java:27)
at Pages.HomePage.<init>(HomePage.java:27)
at Pages.HomePage.<init>(HomePage.java:27)
at Pages.HomePage.<init>(HomePage.java:27)
at Pages.HomePage.<init>(HomePage.java:27)
at Pages.HomePage.<init>(HomePage.java:27)
at Pages.HomePage.<init>(HomePage.java:27)
at Pages.HomePage.<init>(HomePage.java:27)
at Pages.HomePage.<init>(HomePage.java:27)
at Pages.HomePage.<init>(HomePage.java:27)
at Pages.HomePage.<init>(HomePage.java:27)
at Pages.HomePage.<init>(HomePage.java:27)
at Pages.HomePage.<init>(HomePage.java:27)
at Pages.HomePage.<init>(HomePage.java:27)
at Pages.HomePage.<init>(HomePage.java:27)
at Pages.HomePage.<init>(HomePage.java:27)
at Pages.HomePage.<init>(HomePage.java:27)
at Pages.HomePage.<init>(HomePage.java:27)
at Pages.HomePage.<init>(HomePage.java:27)
at Pages.HomePage.<init>(HomePage.java:27)
at Pages.HomePage.<init>(HomePage.java:27)
at Pages.HomePage.<init>(HomePage.java:27)
at Pages.HomePage.<init>(HomePage.java:27)
at Pages.HomePage.<init>(HomePage.java:27)
at Pages.HomePage.<init>(HomePage.java:27)
at Pages.HomePage.<init>(HomePage.java:27)
at Pages.HomePage.<init>(HomePage.java:27)
at Pages.HomePage.<init>(HomePage.java:27)
at Pages.HomePage.<init>(HomePage.java:27)
at Pages.HomePage.<init>(HomePage.java:27)
at Pages.HomePage.<init>(HomePage.java:27)
at Pages.HomePage.<init>(HomePage.java:27)
at Pages.HomePage.<init>(HomePage.java:27)
at Pages.HomePage.<init>(HomePage.java:27)
at Pages.HomePage.<init>(HomePage.java:27)
at Pages.HomePage.<init>(HomePage.java:27)
at Pages.HomePage.<init>(HomePage.java:27)
at Pages.HomePage.<init>(HomePage.java:27)
at Pages.HomePage.<init>(HomePage.java:27)
at Pages.HomePage.<init>(HomePage.java:27)
at Pages.HomePage.<init>(HomePage.java:27)
at Pages.HomePage.<init>(HomePage.java:27)
at Pages.HomePage.<init>(HomePage.java:27)
at Pages.HomePage.<init>(HomePage.java:27)
at Pages.HomePage.<init>(HomePage.java:27)
at Pages.HomePage.<init>(HomePage.java:27)
at Pages.HomePage.<init>(HomePage.java:27)
at Pages.HomePage.<init>(HomePage.java:27)
at Pages.HomePage.<init>(HomePage.java:27)
at Pages.HomePage.<init>(HomePage.java:27)
at Pages.HomePage.<init>(HomePage.java:27)
at Pages.HomePage.<init>(HomePage.java:27)
at Pages.HomePage.<init>(HomePage.java:27)
at Pages.HomePage.<init>(HomePage.java:27)
at Pages.HomePage.<init>(HomePage.java:27)
at Pages.HomePage.<init>(HomePage.java:27)
at Pages.HomePage.<init>(HomePage.java:27)
at Pages.HomePage.<init>(HomePage.java:27)
at Pages.HomePage.<init>(HomePage.java:27)
at Pages.HomePage.<init>(HomePage.java:27)
at Pages.HomePage.<init>(HomePage.java:27)
at Pages.HomePage.<init>(HomePage.java:27)
at Pages.HomePage.<init>(HomePage.java:27)
at Pages.HomePage.<init>(HomePage.java:27)
at Pages.HomePage.<init>(HomePage.java:27)
at Pages.HomePage.<init>(HomePage.java:27)
at Pages.HomePage.<init>(HomePage.java:27)
at Pages.HomePage.<init>(HomePage.java:27)
at Pages.HomePage.<init>(HomePage.java:27)
at Pages.HomePage.<init>(HomePage.java:27)
at Pages.HomePage.<init>(HomePage.java:27)
at Pages.HomePage.<init>(HomePage.java:27)
at Pages.HomePage.<init>(HomePage.java:27)
at Pages.HomePage.<init>(HomePage.java:27)
at Pages.HomePage.<init>(HomePage.java:27)
at Pages.HomePage.<init>(HomePage.java:27)
at Pages.HomePage.<init>(HomePage.java:27)
at Pages.HomePage.<init>(HomePage.java:27)
at Pages.HomePage.<init>(HomePage.java:27)
at Pages.HomePage.<init>(HomePage.java:27)
at Pages.HomePage.<init>(HomePage.java:27)
at Pages.HomePage.<init>(HomePage.java:27)
at Pages.HomePage.<init>(HomePage.java:27)
at Pages.HomePage.<init>(HomePage.java:27)
at Pages.HomePage.<init>(HomePage.java:27)
at Pages.HomePage.<init>(HomePage.java:27)
at Pages.HomePage.<init>(HomePage.java:27)
at Pages.HomePage.<init>(HomePage.java:27)
at Pages.HomePage.<init>(HomePage.java:27)
at Pages.HomePage.<init>(HomePage.java:27)
at Pages.HomePage.<init>(HomePage.java:27)
at Pages.HomePage.<init>(HomePage.java:27)
at Pages.HomePage.<init>(HomePage.java:27)
at Pages.HomePage.<init>(HomePage.java:27)
at Pages.HomePage.<init>(HomePage.java:27)
at Pages.HomePage.<init>(HomePage.java:27)
at Pages.HomePage.<init>(HomePage.java:27)
at Pages.HomePage.<init>(HomePage.java:27)
at Pages.HomePage.<init>(HomePage.java:27)
at Pages.HomePage.<init>(HomePage.java:27)
at Pages.HomePage.<init>(HomePage.java:27)
at Pages.HomePage.<init>(HomePage.java:27)
at Pages.HomePage.<init>(HomePage.java:27)
at Pages.HomePage.<init>(HomePage.java:27)
at Pages.HomePage.<init>(HomePage.java:27)
at Pages.HomePage.<init>(HomePage.java:27)
at Pages.HomePage.<init>(HomePage.java:27)
at Pages.HomePage.<init>(HomePage.java:27)
at Pages.HomePage.<init>(HomePage.java:27)
at Pages.HomePage.<init>(HomePage.java:27)
at Pages.HomePage.<init>(HomePage.java:27)
at Pages.HomePage.<init>(HomePage.java:27)
at Pages.HomePage.<init>(HomePage.java:27)
at Pages.HomePage.<init>(HomePage.java:27)
at Pages.HomePage.<init>(HomePage.java:27)
at Pages.HomePage.<init>(HomePage.java:27)
at Pages.HomePage.<init>(HomePage.java:27)
at Pages.HomePage.<init>(HomePage.java:27)
at Pages.HomePage.<init>(HomePage.java:27)
at Pages.HomePage.<init>(HomePage.java:27)
at Pages.HomePage.<init>(HomePage.java:27)
at Pages.HomePage.<init>(HomePage.java:27)
at Pages.HomePage.<init>(HomePage.java:27)
at Pages.HomePage.<init>(HomePage.java:27)
at Pages.HomePage.<init>(HomePage.java:27)
at Pages.HomePage.<init>(HomePage.java:27)
at Pages.HomePage.<init>(HomePage.java:27)
at Pages.HomePage.<init>(HomePage.java:27)
at Pages.HomePage.<init>(HomePage.java:27)
at Pages.HomePage.<init>(HomePage.java:27)
at Pages.HomePage.<init>(HomePage.java:27)
at Pages.HomePage.<init>(HomePage.java:27)
at Pages.HomePage.<init>(HomePage.java:27)
at Pages.HomePage.<init>(HomePage.java:27)
at Pages.HomePage.<init>(HomePage.java:27)
at Pages.HomePage.<init>(HomePage.java:27)
at Pages.HomePage.<init>(HomePage.java:27)
at Pages.HomePage.<init>(HomePage.java:27)
at Pages.HomePage.<init>(HomePage.java:27)
at Pages.HomePage.<init>(HomePage.java:27)
at Pages.HomePage.<init>(HomePage.java:27)
at Pages.HomePage.<init>(HomePage.java:27)
at Pages.HomePage.<init>(HomePage.java:27)
at Pages.HomePage.<init>(HomePage.java:27)
at Pages.HomePage.<init>(HomePage.java:27)
at Pages.HomePage.<init>(HomePage.java:27)
at Pages.HomePage.<init>(HomePage.java:27)
at Pages.HomePage.<init>(HomePage.java:27)
at Pages.HomePage.<init>(HomePage.java:27)
at Pages.HomePage.<init>(HomePage.java:27)
at Pages.HomePage.<init>(HomePage.java:27)
at Pages.HomePage.<init>(HomePage.java:27)
at Pages.HomePage.<init>(HomePage.java:27)
at Pages.HomePage.<init>(HomePage.java:27)
at Pages.HomePage.<init>(HomePage.java:27)
at Pages.HomePage.<init>(HomePage.java:27)
at Pages.HomePage.<init>(HomePage.java:27)
at Pages.HomePage.<init>(HomePage.java:27)
at Pages.HomePage.<init>(HomePage.java:27)
at Pages.HomePage.<init>(HomePage.java:27)
at Pages.HomePage.<init>(HomePage.java:27)
at Pages.HomePage.<init>(HomePage.java:27)
at Pages.HomePage.<init>(HomePage.java:27)
at Pages.HomePage.<init>(HomePage.java:27)
at Pages.HomePage.<init>(HomePage.java:27)
at Pages.HomePage.<init>(HomePage.java:27)
at Pages.HomePage.<init>(HomePage.java:27)
at Pages.HomePage.<init>(HomePage.java:27)
at Pages.HomePage.<init>(HomePage.java:27)
at Pages.HomePage.<init>(HomePage.java:27)
at Pages.HomePage.<init>(HomePage.java:27)
at Pages.HomePage.<init>(HomePage.java:27)
at Pages.HomePage.<init>(HomePage.java:27)
at Pages.HomePage.<init>(HomePage.java:27)
at Pages.HomePage.<init>(HomePage.java:27)
at Pages.HomePage.<init>(HomePage.java:27)
at Pages.HomePage.<init>(HomePage.java:27)
at Pages.HomePage.<init>(HomePage.java:27)
at Pages.HomePage.<init>(HomePage.java:27)
at Pages.HomePage.<init>(HomePage.java:27)
at Pages.HomePage.<init>(HomePage.java:27)
at Pages.HomePage.<init>(HomePage.java:27)
at Pages.HomePage.<init>(HomePage.java:27)
at Pages.HomePage.<init>(HomePage.java:27)
at Pages.HomePage.<init>(HomePage.java:27)
at Pages.HomePage.<init>(HomePage.java:27)
at Pages.HomePage.<init>(HomePage.java:27)
at Pages.HomePage.<init>(HomePage.java:27)
at Pages.HomePage.<init>(HomePage.java:27)
at Pages.HomePage.<init>(HomePage.java:27)
at Pages.HomePage.<init>(HomePage.java:27)
at Pages.HomePage.<init>(HomePage.java:27)
at Pages.HomePage.<init>(HomePage.java:27)
at Pages.HomePage.<init>(HomePage.java:27)
at Pages.HomePage.<init>(HomePage.java:27)
at Pages.HomePage.<init>(HomePage.java:27)
at Pages.HomePage.<init>(HomePage.java:27)
at Pages.HomePage.<init>(HomePage.java:27)
at Pages.HomePage.<init>(HomePage.java:27)
at Pages.HomePage.<init>(HomePage.java:27)
at Pages.HomePage.<init>(HomePage.java:27)
at Pages.HomePage.<init>(HomePage.java:27)
at Pages.HomePage.<init>(HomePage.java:27)
at Pages.HomePage.<init>(HomePage.java:27)
at Pages.HomePage.<init>(HomePage.java:27)
at Pages.HomePage.<init>(HomePage.java:27)
at Pages.HomePage.<init>(HomePage.java:27)
at Pages.HomePage.<init>(HomePage.java:27)
at Pages.HomePage.<init>(HomePage.java:27)
at Pages.HomePage.<init>(HomePage.java:27)
at Pages.HomePage.<init>(HomePage.java:27)
at Pages.HomePage.<init>(HomePage.java:27)
at Pages.HomePage.<init>(HomePage.java:27)
at Pages.HomePage.<init>(HomePage.java:27)
at Pages.HomePage.<init>(HomePage.java:27)
at Pages.HomePage.<init>(HomePage.java:27)
at Pages.HomePage.<init>(HomePage.java:27)
at Pages.HomePage.<init>(HomePage.java:27)
at Pages.HomePage.<init>(HomePage.java:27)
at Pages.HomePage.<init>(HomePage.java:27)
at Pages.HomePage.<init>(HomePage.java:27)
at Pages.HomePage.<init>(HomePage.java:27)
at Pages.HomePage.<init>(HomePage.java:27)
at Pages.HomePage.<init>(HomePage.java:27)
at Pages.HomePage.<init>(HomePage.java:27)
at Pages.HomePage.<init>(HomePage.java:27)
at Pages.HomePage.<init>(HomePage.java:27)
at Pages.HomePage.<init>(HomePage.java:27)
at Pages.HomePage.<init>(HomePage.java:27)
at Pages.HomePage.<init>(HomePage.java:27)
at Pages.HomePage.<init>(HomePage.java:27)
at Pages.HomePage.<init>(HomePage.java:27)
at Pages.HomePage.<init>(HomePage.java:27)
at Pages.HomePage.<init>(HomePage.java:27)
at Pages.HomePage.<init>(HomePage.java:27)
at Pages.HomePage.<init>(HomePage.java:27)
at Pages.HomePage.<init>(HomePage.java:27)
at Pages.HomePage.<init>(HomePage.java:27)
at Pages.HomePage.<init>(HomePage.java:27)
at Pages.HomePage.<init>(HomePage.java:27)
at Pages.HomePage.<init>(HomePage.java:27)
at Pages.HomePage.<init>(HomePage.java:27)
at Pages.HomePage.<init>(HomePage.java:27)
at Pages.HomePage.<init>(HomePage.java:27)
at Pages.HomePage.<init>(HomePage.java:27)
at Pages.HomePage.<init>(HomePage.java:27)
at Pages.HomePage.<init>(HomePage.java:27)
at Pages.HomePage.<init>(HomePage.java:27)
at Pages.HomePage.<init>(HomePage.java:27)
at Pages.HomePage.<init>(HomePage.java:27)
at Pages.HomePage.<init>(HomePage.java:27)
at Pages.HomePage.<init>(HomePage.java:27)
at Pages.HomePage.<init>(HomePage.java:27)
at Pages.HomePage.<init>(HomePage.java:27)
at Pages.HomePage.<init>(HomePage.java:27)
at Pages.HomePage.<init>(HomePage.java:27)
at Pages.HomePage.<init>(HomePage.java:27)
at Pages.HomePage.<init>(HomePage.java:27)
at Pages.HomePage.<init>(HomePage.java:27)
at Pages.HomePage.<init>(HomePage.java:27)
at Pages.HomePage.<init>(HomePage.java:27)
at Pages.HomePage.<init>(HomePage.java:27)
at Pages.HomePage.<init>(HomePage.java:27)
at Pages.HomePage.<init>(HomePage.java:27)
at Pages.HomePage.<init>(HomePage.java:27)
at Pages.HomePage.<init>(HomePage.java:27)
at Pages.HomePage.<init>(HomePage.java:27)
at Pages.HomePage.<init>(HomePage.java:27)
at Pages.HomePage.<init>(HomePage.java:27)
at Pages.HomePage.<init>(HomePage.java:27)
at Pages.HomePage.<init>(HomePage.java:27)
at Pages.HomePage.<init>(HomePage.java:27)
at Pages.HomePage.<init>(HomePage.java:27)
at Pages.HomePage.<init>(HomePage.java:27)
at Pages.HomePage.<init>(HomePage.java:27)
at Pages.HomePage.<init>(HomePage.java:27)
at Pages.HomePage.<init>(HomePage.java:27)
at Pages.HomePage.<init>(HomePage.java:27)
at Pages.HomePage.<init>(HomePage.java:27)
at Pages.HomePage.<init>(HomePage.java:27)
at Pages.HomePage.<init>(HomePage.java:27)
at Pages.HomePage.<init>(HomePage.java:27)
at Pages.HomePage.<init>(HomePage.java:27)
at Pages.HomePage.<init>(HomePage.java:27)
at Pages.HomePage.<init>(HomePage.java:27)
at Pages.HomePage.<init>(HomePage.java:27)
at Pages.HomePage.<init>(HomePage.java:27)
at Pages.HomePage.<init>(HomePage.java:27)
at Pages.HomePage.<init>(HomePage.java:27)
at Pages.HomePage.<init>(HomePage.java:27)
at Pages.HomePage.<init>(HomePage.java:27)
at Pages.HomePage.<init>(HomePage.java:27)
at Pages.HomePage.<init>(HomePage.java:27)
at Pages.HomePage.<init>(HomePage.java:27)
at Pages.HomePage.<init>(HomePage.java:27)
at Pages.HomePage.<init>(HomePage.java:27)
at Pages.HomePage.<init>(HomePage.java:27)
at Pages.HomePage.<init>(HomePage.java:27)
at Pages.HomePage.<init>(HomePage.java:27)
at Pages.HomePage.<init>(HomePage.java:27)
at Pages.HomePage.<init>(HomePage.java:27)
at Pages.HomePage.<init>(HomePage.java:27)
at Pages.HomePage.<init>(HomePage.java:27)
at Pages.HomePage.<init>(HomePage.java:27)
at Pages.HomePage.<init>(HomePage.java:27)
at Pages.HomePage.<init>(HomePage.java:27)
at Pages.HomePage.<init>(HomePage.java:27)
at Pages.HomePage.<init>(HomePage.java:27)
at Pages.HomePage.<init>(HomePage.java:27)
at Pages.HomePage.<init>(HomePage.java:27)
at Pages.HomePage.<init>(HomePage.java:27)
at Pages.HomePage.<init>(HomePage.java:27)
at Pages.HomePage.<init>(HomePage.java:27)
at Pages.HomePage.<init>(HomePage.java:27)
at Pages.HomePage.<init>(HomePage.java:27)
at Pages.HomePage.<init>(HomePage.java:27)
at Pages.HomePage.<init>(HomePage.java:27)
at Pages.HomePage.<init>(HomePage.java:27)
at Pages.HomePage.<init>(HomePage.java:27)
at Pages.HomePage.<init>(HomePage.java:27)
at Pages.HomePage.<init>(HomePage.java:27)
at Pages.HomePage.<init>(HomePage.java:27)
at Pages.HomePage.<init>(HomePage.java:27)
at Pages.HomePage.<init>(HomePage.java:27)
at Pages.HomePage.<init>(HomePage.java:27)
at Pages.HomePage.<init>(HomePage.java:27)
at Pages.HomePage.<init>(HomePage.java:27)
at Pages.HomePage.<init>(HomePage.java:27)
at Pages.HomePage.<init>(HomePage.java:27)
at Pages.HomePage.<init>(HomePage.java:27)
at Pages.HomePage.<init>(HomePage.java:27)
at Pages.HomePage.<init>(HomePage.java:27)
at Pages.HomePage.<init>(HomePage.java:27)
at Pages.HomePage.<init>(HomePage.java:27)
at Pages.HomePage.<init>(HomePage.java:27)
at Pages.HomePage.<init>(HomePage.java:27)
at Pages.HomePage.<init>(HomePage.java:27)
at Pages.HomePage.<init>(HomePage.java:27)
at Pages.HomePage.<init>(HomePage.java:27)
at Pages.HomePage.<init>(HomePage.java:27)
at Pages.HomePage.<init>(HomePage.java:27)
at Pages.HomePage.<init>(HomePage.java:27)
at Pages.HomePage.<init>(HomePage.java:27)
at Pages.HomePage.<init>(HomePage.java:27)
at Pages.HomePage.<init>(HomePage.java:27)
at Pages.HomePage.<init>(HomePage.java:27)
at Pages.HomePage.<init>(HomePage.java:27)
at Pages.HomePage.<init>(HomePage.java:27)
at Pages.HomePage.<init>(HomePage.java:27)
at Pages.HomePage.<init>(HomePage.java:27)
at Pages.HomePage.<init>(HomePage.java:27)
at Pages.HomePage.<init>(HomePage.java:27)
at Pages.HomePage.<init>(HomePage.java:27)
at Pages.HomePage.<init>(HomePage.java:27)
at Pages.HomePage.<init>(HomePage.java:27)
at Pages.HomePage.<init>(HomePage.java:27)
at Pages.HomePage.<init>(HomePage.java:27)
at Pages.HomePage.<init>(HomePage.java:27)
at Pages.HomePage.<init>(HomePage.java:27)
at Pages.HomePage.<init>(HomePage.java:27)
at Pages.HomePage.<init>(HomePage.java:27)
at Pages.HomePage.<init>(HomePage.java:27)
at Pages.HomePage.<init>(HomePage.java:27)
at Pages.HomePage.<init>(HomePage.java:27)
at Pages.HomePage.<init>(HomePage.java:27)
at Pages.HomePage.<init>(HomePage.java:27)
at Pages.HomePage.<init>(HomePage.java:27)
at Pages.HomePage.<init>(HomePage.java:27)
at Pages.HomePage.<init>(HomePage.java:27)
at Pages.HomePage.<init>(HomePage.java:27)
at Pages.HomePage.<init>(HomePage.java:27)
at Pages.HomePage.<init>(HomePage.java:27)
at Pages.HomePage.<init>(HomePage.java:27)
at Pages.HomePage.<init>(HomePage.java:27)
at Pages.HomePage.<init>(HomePage.java:27)
at Pages.HomePage.<init>(HomePage.java:27)
at Pages.HomePage.<init>(HomePage.java:27)
at Pages.HomePage.<init>(HomePage.java:27)
at Pages.HomePage.<init>(HomePage.java:27)
at Pages.HomePage.<init>(HomePage.java:27)
at Pages.HomePage.<init>(HomePage.java:27)
at Pages.HomePage.<init>(HomePage.java:27)
at Pages.HomePage.<init>(HomePage.java:27)
at Pages.HomePage.<init>(HomePage.java:27)
at Pages.HomePage.<init>(HomePage.java:27)
at Pages.HomePage.<init>(HomePage.java:27)
at Pages.HomePage.<init>(HomePage.java:27)
at Pages.HomePage.<init>(HomePage.java:27)
at Pages.HomePage.<init>(HomePage.java:27)
at Pages.HomePage.<init>(HomePage.java:27)
at Pages.HomePage.<init>(HomePage.java:27)
at Pages.HomePage.<init>(HomePage.java:27)
at Pages.HomePage.<init>(HomePage.java:27)
at Pages.HomePage.<init>(HomePage.java:27)
at Pages.HomePage.<init>(HomePage.java:27)
at Pages.HomePage.<init>(HomePage.java:27)
at Pages.HomePage.<init>(HomePage.java:27)
at Pages.HomePage.<init>(HomePage.java:27)
at Pages.HomePage.<init>(HomePage.java:27)
at Pages.HomePage.<init>(HomePage.java:27)
at Pages.HomePage.<init>(HomePage.java:27)
at Pages.HomePage.<init>(HomePage.java:27)
at Pages.HomePage.<init>(HomePage.java:27)
at Pages.HomePage.<init>(HomePage.java:27)
at Pages.HomePage.<init>(HomePage.java:27)
at Pages.HomePage.<init>(HomePage.java:27)
at Pages.HomePage.<init>(HomePage.java:27)
at Pages.HomePage.<init>(HomePage.java:27)
at Pages.HomePage.<init>(HomePage.java:27)
at Pages.HomePage.<init>(HomePage.java:27)
]]>
            </full-stacktrace>
          </exception> <!-- java.lang.StackOverflowError -->
          <reporter-output>
          </reporter-output>
        </test-method> <!-- clickOnImages -->
      </class> <!-- MavenProject.Maven.HomePagetTest -->
    </test> <!-- Default test -->
  </suite> <!-- Default suite -->
</testng-results>
